{"synthetic": false,
 "schemaVersion": "2025-09-10",
 "outputs":
 {"o": ["6606509655e6778f.olean"],
  "i": "0602812f4b6dcbda.ilean",
  "c": "864fa32de7e7d6de.c"},
 "log":
 [{"message":
   ".> LEAN_PATH=/Users/ivanleon/Code/argon-formal/.lake/packages/Cli/.lake/build/lib/lean:/Users/ivanleon/Code/argon-formal/.lake/packages/batteries/.lake/build/lib/lean:/Users/ivanleon/Code/argon-formal/.lake/packages/Qq/.lake/build/lib/lean:/Users/ivanleon/Code/argon-formal/.lake/packages/aesop/.lake/build/lib/lean:/Users/ivanleon/Code/argon-formal/.lake/packages/proofwidgets/.lake/build/lib/lean:/Users/ivanleon/Code/argon-formal/.lake/packages/importGraph/.lake/build/lib/lean:/Users/ivanleon/Code/argon-formal/.lake/packages/LeanSearchClient/.lake/build/lib/lean:/Users/ivanleon/Code/argon-formal/.lake/packages/plausible/.lake/build/lib/lean:/Users/ivanleon/Code/argon-formal/.lake/packages/mathlib/.lake/build/lib/lean:/Users/ivanleon/Code/argon-formal/.lake/build/lib/lean /Users/ivanleon/.elan/toolchains/leanprover--lean4---v4.29.0/bin/lean /Users/ivanleon/Code/argon-formal/ArgonFormal/Schema/TypeGraph.lean -o /Users/ivanleon/Code/argon-formal/.lake/build/lib/lean/ArgonFormal/Schema/TypeGraph.olean -i /Users/ivanleon/Code/argon-formal/.lake/build/lib/lean/ArgonFormal/Schema/TypeGraph.ilean -c /Users/ivanleon/Code/argon-formal/.lake/build/ir/ArgonFormal/Schema/TypeGraph.c --setup /Users/ivanleon/Code/argon-formal/.lake/build/ir/ArgonFormal/Schema/TypeGraph.setup.json --json",
   "level": "trace"}],
 "inputs":
 [["ArgonFormal.Schema.TypeGraph:deps",
   [["deps",
     [["«argon-formal»/ArgonFormal:extraDep",
       [["@«argon-formal»:extraDep", "00000000000006bb"]]],
      ["imports",
       [["Mathlib.Data.Fintype.Basic transitive imports (legacy)",
         "2b7b7de601f4cc69"],
        ["Mathlib.Data.Fintype.Basic:importAllArts", "38327955b84bd5d7"],
        ["ArgonFormal.Foundation.MetaValue transitive imports (legacy)",
         "9f41943b74af687b"],
        ["ArgonFormal.Foundation.MetaValue:importAllArts",
         "9dd661200ada2eb7"]]]]],
    ["libs",
     [["import dynlibs", "00000000000006bb"],
      ["package external libraries", "00000000000006bb"],
      ["module dynlibs", "00000000000006bb"],
      ["module plugins", "00000000000006bb"]]]]],
  ["Lean 4.29.0, commit 98dc76e3c0a9b856c9b98726b713fb04fab16740",
   "60bb08ef22408c8a"],
  ["/Users/ivanleon/Code/argon-formal/ArgonFormal/Schema/TypeGraph.lean",
   "284c200372f2dd36"],
  ["options",
   [["-DmaxSynthPendingDepth=3", "c78e353d34de85d4"],
    ["-Dweak.linter.mathlibStandardSet=true", "8a155799906f2b42"],
    ["-DrelaxedAutoImplicit=false", "74a2b5546b55be80"],
    ["-Dpp.unicode.fun=true", "9b94070140457fab"]]],
  ["isModule: false", "feefd2a0d3a1847e"],
  ["Module.name: ArgonFormal.Schema.TypeGraph", "a9dc31b4596b34b1"],
  ["Package.id?: (some argon-formal)", "30020946a381fb23"],
  ["Module.leanArgs: #[]", "00000000000006bb"]],
 "depHash": "b4c646eae751cd45"}