{"synthetic": false,
 "schemaVersion": "2025-09-10",
 "outputs":
 {"o": ["211b9287ade4343c.olean"],
  "i": "9c87afff79b616c8.ilean",
  "c": "4f09565656b95427.c"},
 "log":
 [{"message":
   ".> LEAN_PATH=/Users/ivanleon/Code/argon-formal/.lake/packages/Cli/.lake/build/lib/lean:/Users/ivanleon/Code/argon-formal/.lake/packages/batteries/.lake/build/lib/lean:/Users/ivanleon/Code/argon-formal/.lake/packages/Qq/.lake/build/lib/lean:/Users/ivanleon/Code/argon-formal/.lake/packages/aesop/.lake/build/lib/lean:/Users/ivanleon/Code/argon-formal/.lake/packages/proofwidgets/.lake/build/lib/lean:/Users/ivanleon/Code/argon-formal/.lake/packages/importGraph/.lake/build/lib/lean:/Users/ivanleon/Code/argon-formal/.lake/packages/LeanSearchClient/.lake/build/lib/lean:/Users/ivanleon/Code/argon-formal/.lake/packages/plausible/.lake/build/lib/lean:/Users/ivanleon/Code/argon-formal/.lake/packages/mathlib/.lake/build/lib/lean:/Users/ivanleon/Code/argon-formal/.lake/build/lib/lean /Users/ivanleon/.elan/toolchains/leanprover--lean4---v4.29.0/bin/lean /Users/ivanleon/Code/argon-formal/ArgonFormal/Schema/WorldAssumption.lean -o /Users/ivanleon/Code/argon-formal/.lake/build/lib/lean/ArgonFormal/Schema/WorldAssumption.olean -i /Users/ivanleon/Code/argon-formal/.lake/build/lib/lean/ArgonFormal/Schema/WorldAssumption.ilean -c /Users/ivanleon/Code/argon-formal/.lake/build/ir/ArgonFormal/Schema/WorldAssumption.c --setup /Users/ivanleon/Code/argon-formal/.lake/build/ir/ArgonFormal/Schema/WorldAssumption.setup.json --json",
   "level": "trace"}],
 "inputs":
 [["ArgonFormal.Schema.WorldAssumption:deps",
   [["deps",
     [["«argon-formal»/ArgonFormal:extraDep",
       [["@«argon-formal»:extraDep", "00000000000006bb"]]],
      ["imports", "00000000000006bb"]]],
    ["libs",
     [["import dynlibs", "00000000000006bb"],
      ["package external libraries", "00000000000006bb"],
      ["module dynlibs", "00000000000006bb"],
      ["module plugins", "00000000000006bb"]]]]],
  ["Lean 4.29.0, commit 98dc76e3c0a9b856c9b98726b713fb04fab16740",
   "60bb08ef22408c8a"],
  ["/Users/ivanleon/Code/argon-formal/ArgonFormal/Schema/WorldAssumption.lean",
   "4060482d76445be2"],
  ["options",
   [["-DmaxSynthPendingDepth=3", "c78e353d34de85d4"],
    ["-Dweak.linter.mathlibStandardSet=true", "8a155799906f2b42"],
    ["-DrelaxedAutoImplicit=false", "74a2b5546b55be80"],
    ["-Dpp.unicode.fun=true", "9b94070140457fab"]]],
  ["isModule: false", "feefd2a0d3a1847e"],
  ["Module.name: ArgonFormal.Schema.WorldAssumption", "ff4ae38db0ab8216"],
  ["Package.id?: (some argon-formal)", "30020946a381fb23"],
  ["Module.leanArgs: #[]", "00000000000006bb"]],
 "depHash": "313ec62ff1632edd"}