{"synthetic": false,
 "schemaVersion": "2025-09-10",
 "outputs":
 {"o": ["f8f4fdabf44d908e.olean"],
  "i": "00f5da9293977f05.ilean",
  "c": "b88b56ddb44451e3.c"},
 "log":
 [{"message":
   ".> LEAN_PATH=/Users/ivanleon/Code/argon-formal/.lake/packages/Cli/.lake/build/lib/lean:/Users/ivanleon/Code/argon-formal/.lake/packages/batteries/.lake/build/lib/lean:/Users/ivanleon/Code/argon-formal/.lake/packages/Qq/.lake/build/lib/lean:/Users/ivanleon/Code/argon-formal/.lake/packages/aesop/.lake/build/lib/lean:/Users/ivanleon/Code/argon-formal/.lake/packages/proofwidgets/.lake/build/lib/lean:/Users/ivanleon/Code/argon-formal/.lake/packages/importGraph/.lake/build/lib/lean:/Users/ivanleon/Code/argon-formal/.lake/packages/LeanSearchClient/.lake/build/lib/lean:/Users/ivanleon/Code/argon-formal/.lake/packages/plausible/.lake/build/lib/lean:/Users/ivanleon/Code/argon-formal/.lake/packages/mathlib/.lake/build/lib/lean:/Users/ivanleon/Code/argon-formal/.lake/build/lib/lean /Users/ivanleon/.elan/toolchains/leanprover--lean4---v4.29.0/bin/lean /Users/ivanleon/Code/argon-formal/ArgonFormal/Decidability/Fragment.lean -o /Users/ivanleon/Code/argon-formal/.lake/build/lib/lean/ArgonFormal/Decidability/Fragment.olean -i /Users/ivanleon/Code/argon-formal/.lake/build/lib/lean/ArgonFormal/Decidability/Fragment.ilean -c /Users/ivanleon/Code/argon-formal/.lake/build/ir/ArgonFormal/Decidability/Fragment.c --setup /Users/ivanleon/Code/argon-formal/.lake/build/ir/ArgonFormal/Decidability/Fragment.setup.json --json",
   "level": "trace"}],
 "inputs":
 [["ArgonFormal.Decidability.Fragment:deps",
   [["deps",
     [["«argon-formal»/ArgonFormal:extraDep",
       [["@«argon-formal»:extraDep", "00000000000006bb"]]],
      ["imports",
       [["Mathlib.Data.Finset.Card transitive imports (legacy)",
         "6f8efbeb76548e1a"],
        ["Mathlib.Data.Finset.Card:importAllArts", "ef3872159d16b0f1"],
        ["ArgonFormal.Foundation.MetaValue transitive imports (legacy)",
         "9f41943b74af687b"],
        ["ArgonFormal.Foundation.MetaValue:importAllArts", "9dd661200ada2eb7"],
        ["ArgonFormal.Schema.TypeGraph transitive imports (legacy)",
         "f6dcbb183c83191f"],
        ["ArgonFormal.Schema.TypeGraph:importAllArts", "a6a3a96ceb980b0a"]]]]],
    ["libs",
     [["import dynlibs", "00000000000006bb"],
      ["package external libraries", "00000000000006bb"],
      ["module dynlibs", "00000000000006bb"],
      ["module plugins", "00000000000006bb"]]]]],
  ["Lean 4.29.0, commit 98dc76e3c0a9b856c9b98726b713fb04fab16740",
   "60bb08ef22408c8a"],
  ["/Users/ivanleon/Code/argon-formal/ArgonFormal/Decidability/Fragment.lean",
   "d3208998d821dcd4"],
  ["options",
   [["-DmaxSynthPendingDepth=3", "c78e353d34de85d4"],
    ["-Dweak.linter.mathlibStandardSet=true", "8a155799906f2b42"],
    ["-DrelaxedAutoImplicit=false", "74a2b5546b55be80"],
    ["-Dpp.unicode.fun=true", "9b94070140457fab"]]],
  ["isModule: false", "feefd2a0d3a1847e"],
  ["Module.name: ArgonFormal.Decidability.Fragment", "d37ff6e1681f1cad"],
  ["Package.id?: (some argon-formal)", "30020946a381fb23"],
  ["Module.leanArgs: #[]", "00000000000006bb"]],
 "depHash": "945e31c7a8fff280"}