{"synthetic": false,
 "schemaVersion": "2025-09-10",
 "outputs":
 {"o": ["f628317e5d5b3549.olean"],
  "i": "a0389d4bf8b6244e.ilean",
  "c": "eba453fa0aea065b.c"},
 "log":
 [{"message":
   ".> LEAN_PATH=/Users/ivanleon/Code/argon-formal/.lake/packages/Cli/.lake/build/lib/lean:/Users/ivanleon/Code/argon-formal/.lake/packages/batteries/.lake/build/lib/lean:/Users/ivanleon/Code/argon-formal/.lake/packages/Qq/.lake/build/lib/lean:/Users/ivanleon/Code/argon-formal/.lake/packages/aesop/.lake/build/lib/lean:/Users/ivanleon/Code/argon-formal/.lake/packages/proofwidgets/.lake/build/lib/lean:/Users/ivanleon/Code/argon-formal/.lake/packages/importGraph/.lake/build/lib/lean:/Users/ivanleon/Code/argon-formal/.lake/packages/LeanSearchClient/.lake/build/lib/lean:/Users/ivanleon/Code/argon-formal/.lake/packages/plausible/.lake/build/lib/lean:/Users/ivanleon/Code/argon-formal/.lake/packages/mathlib/.lake/build/lib/lean:/Users/ivanleon/Code/argon-formal/.lake/build/lib/lean /Users/ivanleon/.elan/toolchains/leanprover--lean4---v4.29.0/bin/lean /Users/ivanleon/Code/argon-formal/ArgonFormal/TypeSystem/NarrowPred.lean -o /Users/ivanleon/Code/argon-formal/.lake/build/lib/lean/ArgonFormal/TypeSystem/NarrowPred.olean -i /Users/ivanleon/Code/argon-formal/.lake/build/lib/lean/ArgonFormal/TypeSystem/NarrowPred.ilean -c /Users/ivanleon/Code/argon-formal/.lake/build/ir/ArgonFormal/TypeSystem/NarrowPred.c --setup /Users/ivanleon/Code/argon-formal/.lake/build/ir/ArgonFormal/TypeSystem/NarrowPred.setup.json --json",
   "level": "trace"},
  {"message":
   "ArgonFormal/TypeSystem/NarrowPred.lean:73:4: The `show` tactic should only be used to indicate intermediate goal states for readability.\nHowever, this tactic invocation changed the goal. Please use `change` instead for these purposes.\n\nNote: This linter can be disabled with `set_option linter.style.show false`",
   "level": "warning"},
  {"message":
   "ArgonFormal/TypeSystem/NarrowPred.lean:77:4: The `show` tactic should only be used to indicate intermediate goal states for readability.\nHowever, this tactic invocation changed the goal. Please use `change` instead for these purposes.\n\nNote: This linter can be disabled with `set_option linter.style.show false`",
   "level": "warning"},
  {"message":
   "ArgonFormal/TypeSystem/NarrowPred.lean:81:4: The `show` tactic should only be used to indicate intermediate goal states for readability.\nHowever, this tactic invocation changed the goal. Please use `change` instead for these purposes.\n\nNote: This linter can be disabled with `set_option linter.style.show false`",
   "level": "warning"}],
 "inputs":
 [["ArgonFormal.TypeSystem.NarrowPred:deps",
   [["deps",
     [["«argon-formal»/ArgonFormal:extraDep",
       [["@«argon-formal»:extraDep", "00000000000006bb"]]],
      ["imports",
       [["ArgonFormal.Foundation.MetaValue transitive imports (legacy)",
         "9f41943b74af687b"],
        ["ArgonFormal.Foundation.MetaValue:importAllArts", "9dd661200ada2eb7"],
        ["ArgonFormal.Reasoning.State transitive imports (legacy)",
         "576309de85b71f22"],
        ["ArgonFormal.Reasoning.State:importAllArts", "931cc6f541e70568"],
        ["ArgonFormal.Reasoning.Stratification transitive imports (legacy)",
         "00000000000006bb"],
        ["ArgonFormal.Reasoning.Stratification:importAllArts",
         "04a083f60e2a898f"]]]]],
    ["libs",
     [["import dynlibs", "00000000000006bb"],
      ["package external libraries", "00000000000006bb"],
      ["module dynlibs", "00000000000006bb"],
      ["module plugins", "00000000000006bb"]]]]],
  ["Lean 4.29.0, commit 98dc76e3c0a9b856c9b98726b713fb04fab16740",
   "60bb08ef22408c8a"],
  ["/Users/ivanleon/Code/argon-formal/ArgonFormal/TypeSystem/NarrowPred.lean",
   "400b4db2d45283b7"],
  ["options",
   [["-DmaxSynthPendingDepth=3", "c78e353d34de85d4"],
    ["-Dweak.linter.mathlibStandardSet=true", "8a155799906f2b42"],
    ["-DrelaxedAutoImplicit=false", "74a2b5546b55be80"],
    ["-Dpp.unicode.fun=true", "9b94070140457fab"]]],
  ["isModule: false", "feefd2a0d3a1847e"],
  ["Module.name: ArgonFormal.TypeSystem.NarrowPred", "979049410364d4eb"],
  ["Package.id?: (some argon-formal)", "30020946a381fb23"],
  ["Module.leanArgs: #[]", "00000000000006bb"]],
 "depHash": "8013fd89e7d8af42"}