{"synthetic": false,
 "schemaVersion": "2025-09-10",
 "outputs":
 {"o": ["761484e4d4aa1a99.olean"],
  "i": "10f9000c868a5d78.ilean",
  "c": "93b0b08f078a8d62.c"},
 "log":
 [{"message":
   ".> LEAN_PATH=/Users/ivanleon/Code/argon-formal/.lake/packages/Cli/.lake/build/lib/lean:/Users/ivanleon/Code/argon-formal/.lake/packages/batteries/.lake/build/lib/lean:/Users/ivanleon/Code/argon-formal/.lake/packages/Qq/.lake/build/lib/lean:/Users/ivanleon/Code/argon-formal/.lake/packages/aesop/.lake/build/lib/lean:/Users/ivanleon/Code/argon-formal/.lake/packages/proofwidgets/.lake/build/lib/lean:/Users/ivanleon/Code/argon-formal/.lake/packages/importGraph/.lake/build/lib/lean:/Users/ivanleon/Code/argon-formal/.lake/packages/LeanSearchClient/.lake/build/lib/lean:/Users/ivanleon/Code/argon-formal/.lake/packages/plausible/.lake/build/lib/lean:/Users/ivanleon/Code/argon-formal/.lake/packages/mathlib/.lake/build/lib/lean:/Users/ivanleon/Code/argon-formal/.lake/build/lib/lean /Users/ivanleon/.elan/toolchains/leanprover--lean4---v4.29.0/bin/lean /Users/ivanleon/Code/argon-formal/ArgonFormal/Decidability/Complexity/Bounds.lean -o /Users/ivanleon/Code/argon-formal/.lake/build/lib/lean/ArgonFormal/Decidability/Complexity/Bounds.olean -i /Users/ivanleon/Code/argon-formal/.lake/build/lib/lean/ArgonFormal/Decidability/Complexity/Bounds.ilean -c /Users/ivanleon/Code/argon-formal/.lake/build/ir/ArgonFormal/Decidability/Complexity/Bounds.c --setup /Users/ivanleon/Code/argon-formal/.lake/build/ir/ArgonFormal/Decidability/Complexity/Bounds.setup.json --json",
   "level": "trace"}],
 "inputs":
 [["ArgonFormal.Decidability.Complexity.Bounds:deps",
   [["deps",
     [["«argon-formal»/ArgonFormal:extraDep",
       [["@«argon-formal»:extraDep", "00000000000006bb"]]],
      ["imports",
       [["ArgonFormal.Decidability.Domain1.Decidability transitive imports (legacy)",
         "601e5fa9d1b4a8c2"],
        ["ArgonFormal.Decidability.Domain1.Decidability:importAllArts",
         "2f545375f98e4f6f"],
        ["ArgonFormal.Decidability.Domain2.Decidability transitive imports (legacy)",
         "6f177a5ef223114d"],
        ["ArgonFormal.Decidability.Domain2.Decidability:importAllArts",
         "607eecf1be1eaf25"],
        ["ArgonFormal.Decidability.CrossDomain.Decidability transitive imports (legacy)",
         "97e1b3d277c3353f"],
        ["ArgonFormal.Decidability.CrossDomain.Decidability:importAllArts",
         "ee457c2f159ea1ea"]]]]],
    ["libs",
     [["import dynlibs", "00000000000006bb"],
      ["package external libraries", "00000000000006bb"],
      ["module dynlibs", "00000000000006bb"],
      ["module plugins", "00000000000006bb"]]]]],
  ["Lean 4.29.0, commit 98dc76e3c0a9b856c9b98726b713fb04fab16740",
   "60bb08ef22408c8a"],
  ["/Users/ivanleon/Code/argon-formal/ArgonFormal/Decidability/Complexity/Bounds.lean",
   "e7600ce07e240ba0"],
  ["options",
   [["-DmaxSynthPendingDepth=3", "c78e353d34de85d4"],
    ["-Dweak.linter.mathlibStandardSet=true", "8a155799906f2b42"],
    ["-DrelaxedAutoImplicit=false", "74a2b5546b55be80"],
    ["-Dpp.unicode.fun=true", "9b94070140457fab"]]],
  ["isModule: false", "feefd2a0d3a1847e"],
  ["Module.name: ArgonFormal.Decidability.Complexity.Bounds",
   "721c6e5dbd076fec"],
  ["Package.id?: (some argon-formal)", "30020946a381fb23"],
  ["Module.leanArgs: #[]", "00000000000006bb"]],
 "depHash": "b8daf3453ea974ab"}