{"synthetic": false,
 "schemaVersion": "2025-09-10",
 "outputs":
 {"o": ["2619fc5ada3dfcdd.olean"],
  "i": "2ca4eb40e5a85466.ilean",
  "c": "71c7aa7d27fc43bf.c"},
 "log":
 [{"message":
   ".> LEAN_PATH=/Users/ivanleon/Code/argon-formal/.lake/packages/Cli/.lake/build/lib/lean:/Users/ivanleon/Code/argon-formal/.lake/packages/batteries/.lake/build/lib/lean:/Users/ivanleon/Code/argon-formal/.lake/packages/Qq/.lake/build/lib/lean:/Users/ivanleon/Code/argon-formal/.lake/packages/aesop/.lake/build/lib/lean:/Users/ivanleon/Code/argon-formal/.lake/packages/proofwidgets/.lake/build/lib/lean:/Users/ivanleon/Code/argon-formal/.lake/packages/importGraph/.lake/build/lib/lean:/Users/ivanleon/Code/argon-formal/.lake/packages/LeanSearchClient/.lake/build/lib/lean:/Users/ivanleon/Code/argon-formal/.lake/packages/plausible/.lake/build/lib/lean:/Users/ivanleon/Code/argon-formal/.lake/packages/mathlib/.lake/build/lib/lean:/Users/ivanleon/Code/argon-formal/.lake/build/lib/lean /Users/ivanleon/.elan/toolchains/leanprover--lean4---v4.29.0/bin/lean /Users/ivanleon/Code/argon-formal/ArgonFormal/TypeSystem/Soundness/CrossStratum.lean -o /Users/ivanleon/Code/argon-formal/.lake/build/lib/lean/ArgonFormal/TypeSystem/Soundness/CrossStratum.olean -i /Users/ivanleon/Code/argon-formal/.lake/build/lib/lean/ArgonFormal/TypeSystem/Soundness/CrossStratum.ilean -c /Users/ivanleon/Code/argon-formal/.lake/build/ir/ArgonFormal/TypeSystem/Soundness/CrossStratum.c --setup /Users/ivanleon/Code/argon-formal/.lake/build/ir/ArgonFormal/TypeSystem/Soundness/CrossStratum.setup.json --json",
   "level": "trace"},
  {"message":
   "ArgonFormal/TypeSystem/Soundness/CrossStratum.lean:102:0: `handler_resolution_preserves` does not use the following hypotheses in its type:\n  • [Fintype C] (#5)\n  • [Fintype A] (#6)\n\nConsider replacing these hypotheses with the corresponding instances of `Finite` and using `Fintype.ofFinite` in the proof, or removing them entirely.\n\nNote: This linter can be disabled with `set_option linter.unusedFintypeInType false`",
   "level": "warning"},
  {"message":
   "ArgonFormal/TypeSystem/Soundness/CrossStratum.lean:112:0: `handler_resolution_not_preserves` does not use the following hypotheses in its type:\n  • [Fintype C] (#5)\n  • [Fintype A] (#6)\n\nConsider replacing these hypotheses with the corresponding instances of `Finite` and using `Fintype.ofFinite` in the proof, or removing them entirely.\n\nNote: This linter can be disabled with `set_option linter.unusedFintypeInType false`",
   "level": "warning"}],
 "inputs":
 [["ArgonFormal.TypeSystem.Soundness.CrossStratum:deps",
   [["deps",
     [["«argon-formal»/ArgonFormal:extraDep",
       [["@«argon-formal»:extraDep", "00000000000006bb"]]],
      ["imports",
       [["ArgonFormal.TypeSystem.Monotonicity transitive imports (legacy)",
         "a63313100e146f37"],
        ["ArgonFormal.TypeSystem.Monotonicity:importAllArts",
         "3d943475132709f8"],
        ["ArgonFormal.Reasoning.Fixpoint transitive imports (legacy)",
         "bec818ef3181c70f"],
        ["ArgonFormal.Reasoning.Fixpoint:importAllArts",
         "a81ff37dfa40aeeb"]]]]],
    ["libs",
     [["import dynlibs", "00000000000006bb"],
      ["package external libraries", "00000000000006bb"],
      ["module dynlibs", "00000000000006bb"],
      ["module plugins", "00000000000006bb"]]]]],
  ["Lean 4.29.0, commit 98dc76e3c0a9b856c9b98726b713fb04fab16740",
   "60bb08ef22408c8a"],
  ["/Users/ivanleon/Code/argon-formal/ArgonFormal/TypeSystem/Soundness/CrossStratum.lean",
   "7608e841ff982d55"],
  ["options",
   [["-DmaxSynthPendingDepth=3", "c78e353d34de85d4"],
    ["-Dweak.linter.mathlibStandardSet=true", "8a155799906f2b42"],
    ["-DrelaxedAutoImplicit=false", "74a2b5546b55be80"],
    ["-Dpp.unicode.fun=true", "9b94070140457fab"]]],
  ["isModule: false", "feefd2a0d3a1847e"],
  ["Module.name: ArgonFormal.TypeSystem.Soundness.CrossStratum",
   "eadcd3b1c30ada12"],
  ["Package.id?: (some argon-formal)", "30020946a381fb23"],
  ["Module.leanArgs: #[]", "00000000000006bb"]],
 "depHash": "1147fa3d01f8a7ae"}