{"synthetic": false,
 "schemaVersion": "2025-09-10",
 "outputs":
 {"o": ["a0ed7f6283e11798.olean"],
  "i": "28a4ee80352025aa.ilean",
  "c": "47581c66c00771c5.c"},
 "log":
 [{"message":
   ".> LEAN_PATH=/Users/ivanleon/Code/argon-formal/.lake/packages/Cli/.lake/build/lib/lean:/Users/ivanleon/Code/argon-formal/.lake/packages/batteries/.lake/build/lib/lean:/Users/ivanleon/Code/argon-formal/.lake/packages/Qq/.lake/build/lib/lean:/Users/ivanleon/Code/argon-formal/.lake/packages/aesop/.lake/build/lib/lean:/Users/ivanleon/Code/argon-formal/.lake/packages/proofwidgets/.lake/build/lib/lean:/Users/ivanleon/Code/argon-formal/.lake/packages/importGraph/.lake/build/lib/lean:/Users/ivanleon/Code/argon-formal/.lake/packages/LeanSearchClient/.lake/build/lib/lean:/Users/ivanleon/Code/argon-formal/.lake/packages/plausible/.lake/build/lib/lean:/Users/ivanleon/Code/argon-formal/.lake/packages/mathlib/.lake/build/lib/lean:/Users/ivanleon/Code/argon-formal/.lake/build/lib/lean /Users/ivanleon/.elan/toolchains/leanprover--lean4---v4.29.0/bin/lean /Users/ivanleon/Code/argon-formal/ArgonFormal/TypeSystem/Soundness/CwaOwa.lean -o /Users/ivanleon/Code/argon-formal/.lake/build/lib/lean/ArgonFormal/TypeSystem/Soundness/CwaOwa.olean -i /Users/ivanleon/Code/argon-formal/.lake/build/lib/lean/ArgonFormal/TypeSystem/Soundness/CwaOwa.ilean -c /Users/ivanleon/Code/argon-formal/.lake/build/ir/ArgonFormal/TypeSystem/Soundness/CwaOwa.c --setup /Users/ivanleon/Code/argon-formal/.lake/build/ir/ArgonFormal/TypeSystem/Soundness/CwaOwa.setup.json --json",
   "level": "trace"}],
 "inputs":
 [["ArgonFormal.TypeSystem.Soundness.CwaOwa:deps",
   [["deps",
     [["«argon-formal»/ArgonFormal:extraDep",
       [["@«argon-formal»:extraDep", "00000000000006bb"]]],
      ["imports",
       [["ArgonFormal.TypeSystem.NarrowEnv transitive imports (legacy)",
         "5caacfd95421e944"],
        ["ArgonFormal.TypeSystem.NarrowEnv:importAllArts",
         "5d52dbdec4b34c93"]]]]],
    ["libs",
     [["import dynlibs", "00000000000006bb"],
      ["package external libraries", "00000000000006bb"],
      ["module dynlibs", "00000000000006bb"],
      ["module plugins", "00000000000006bb"]]]]],
  ["Lean 4.29.0, commit 98dc76e3c0a9b856c9b98726b713fb04fab16740",
   "60bb08ef22408c8a"],
  ["/Users/ivanleon/Code/argon-formal/ArgonFormal/TypeSystem/Soundness/CwaOwa.lean",
   "79dfaa213ac02acd"],
  ["options",
   [["-DmaxSynthPendingDepth=3", "c78e353d34de85d4"],
    ["-Dweak.linter.mathlibStandardSet=true", "8a155799906f2b42"],
    ["-DrelaxedAutoImplicit=false", "74a2b5546b55be80"],
    ["-Dpp.unicode.fun=true", "9b94070140457fab"]]],
  ["isModule: false", "feefd2a0d3a1847e"],
  ["Module.name: ArgonFormal.TypeSystem.Soundness.CwaOwa", "f712292a3bcef7ca"],
  ["Package.id?: (some argon-formal)", "30020946a381fb23"],
  ["Module.leanArgs: #[]", "00000000000006bb"]],
 "depHash": "c260bed18de8897c"}