{"synthetic": false,
 "schemaVersion": "2025-09-10",
 "outputs":
 {"o": ["486146313092bb97.olean"],
  "i": "8a89c1981e1b86d9.ilean",
  "c": "2817f784575c2795.c"},
 "log":
 [{"message":
   ".> LEAN_PATH=/Users/ivanleon/Code/argon-formal/.lake/packages/Cli/.lake/build/lib/lean:/Users/ivanleon/Code/argon-formal/.lake/packages/batteries/.lake/build/lib/lean:/Users/ivanleon/Code/argon-formal/.lake/packages/Qq/.lake/build/lib/lean:/Users/ivanleon/Code/argon-formal/.lake/packages/aesop/.lake/build/lib/lean:/Users/ivanleon/Code/argon-formal/.lake/packages/proofwidgets/.lake/build/lib/lean:/Users/ivanleon/Code/argon-formal/.lake/packages/importGraph/.lake/build/lib/lean:/Users/ivanleon/Code/argon-formal/.lake/packages/LeanSearchClient/.lake/build/lib/lean:/Users/ivanleon/Code/argon-formal/.lake/packages/plausible/.lake/build/lib/lean:/Users/ivanleon/Code/argon-formal/.lake/packages/mathlib/.lake/build/lib/lean:/Users/ivanleon/Code/argon-formal/.lake/build/lib/lean /Users/ivanleon/.elan/toolchains/leanprover--lean4---v4.29.0/bin/lean /Users/ivanleon/Code/argon-formal/ArgonFormal/TypeSystem/Soundness/FlowTyping.lean -o /Users/ivanleon/Code/argon-formal/.lake/build/lib/lean/ArgonFormal/TypeSystem/Soundness/FlowTyping.olean -i /Users/ivanleon/Code/argon-formal/.lake/build/lib/lean/ArgonFormal/TypeSystem/Soundness/FlowTyping.ilean -c /Users/ivanleon/Code/argon-formal/.lake/build/ir/ArgonFormal/TypeSystem/Soundness/FlowTyping.c --setup /Users/ivanleon/Code/argon-formal/.lake/build/ir/ArgonFormal/TypeSystem/Soundness/FlowTyping.setup.json --json",
   "level": "trace"}],
 "inputs":
 [["ArgonFormal.TypeSystem.Soundness.FlowTyping:deps",
   [["deps",
     [["«argon-formal»/ArgonFormal:extraDep",
       [["@«argon-formal»:extraDep", "00000000000006bb"]]],
      ["imports",
       [["ArgonFormal.TypeSystem.Soundness.CrossStratum transitive imports (legacy)",
         "033c44152a859583"],
        ["ArgonFormal.TypeSystem.Soundness.CrossStratum:importAllArts",
         "be3b6891cbb069a5"],
        ["ArgonFormal.TypeSystem.Soundness.CwaOwa transitive imports (legacy)",
         "21ff8394882408a2"],
        ["ArgonFormal.TypeSystem.Soundness.CwaOwa:importAllArts",
         "a34cdf56202cd7c8"],
        ["ArgonFormal.TypeSystem.Soundness.Defeasibility transitive imports (legacy)",
         "21ff8394882408a2"],
        ["ArgonFormal.TypeSystem.Soundness.Defeasibility:importAllArts",
         "d81d90d75b2da9e2"]]]]],
    ["libs",
     [["import dynlibs", "00000000000006bb"],
      ["package external libraries", "00000000000006bb"],
      ["module dynlibs", "00000000000006bb"],
      ["module plugins", "00000000000006bb"]]]]],
  ["Lean 4.29.0, commit 98dc76e3c0a9b856c9b98726b713fb04fab16740",
   "60bb08ef22408c8a"],
  ["/Users/ivanleon/Code/argon-formal/ArgonFormal/TypeSystem/Soundness/FlowTyping.lean",
   "8050d2420a4315af"],
  ["options",
   [["-DmaxSynthPendingDepth=3", "c78e353d34de85d4"],
    ["-Dweak.linter.mathlibStandardSet=true", "8a155799906f2b42"],
    ["-DrelaxedAutoImplicit=false", "74a2b5546b55be80"],
    ["-Dpp.unicode.fun=true", "9b94070140457fab"]]],
  ["isModule: false", "feefd2a0d3a1847e"],
  ["Module.name: ArgonFormal.TypeSystem.Soundness.FlowTyping",
   "237b4e8b2637731a"],
  ["Package.id?: (some argon-formal)", "30020946a381fb23"],
  ["Module.leanArgs: #[]", "00000000000006bb"]],
 "depHash": "ea0054d868c082c3"}