{"synthetic": false,
 "schemaVersion": "2025-09-10",
 "outputs":
 {"o": ["b3e9c4880e9fc326.olean"],
  "i": "12923c1000999c94.ilean",
  "c": "e419c382cf30a8e3.c"},
 "log":
 [{"message":
   ".> LEAN_PATH=/Users/ivanleon/Code/argon-formal/.lake/packages/Cli/.lake/build/lib/lean:/Users/ivanleon/Code/argon-formal/.lake/packages/batteries/.lake/build/lib/lean:/Users/ivanleon/Code/argon-formal/.lake/packages/Qq/.lake/build/lib/lean:/Users/ivanleon/Code/argon-formal/.lake/packages/aesop/.lake/build/lib/lean:/Users/ivanleon/Code/argon-formal/.lake/packages/proofwidgets/.lake/build/lib/lean:/Users/ivanleon/Code/argon-formal/.lake/packages/importGraph/.lake/build/lib/lean:/Users/ivanleon/Code/argon-formal/.lake/packages/LeanSearchClient/.lake/build/lib/lean:/Users/ivanleon/Code/argon-formal/.lake/packages/plausible/.lake/build/lib/lean:/Users/ivanleon/Code/argon-formal/.lake/packages/mathlib/.lake/build/lib/lean:/Users/ivanleon/Code/argon-formal/.lake/build/lib/lean /Users/ivanleon/.elan/toolchains/leanprover--lean4---v4.29.0/bin/lean /Users/ivanleon/Code/argon-formal/ArgonFormal.lean -o /Users/ivanleon/Code/argon-formal/.lake/build/lib/lean/ArgonFormal.olean -i /Users/ivanleon/Code/argon-formal/.lake/build/lib/lean/ArgonFormal.ilean -c /Users/ivanleon/Code/argon-formal/.lake/build/ir/ArgonFormal.c --setup /Users/ivanleon/Code/argon-formal/.lake/build/ir/ArgonFormal.setup.json --json",
   "level": "trace"}],
 "inputs":
 [["ArgonFormal:deps",
   [["deps",
     [["«argon-formal»/ArgonFormal:extraDep",
       [["@«argon-formal»:extraDep", "00000000000006bb"]]],
      ["imports",
       [["ArgonFormal.Foundation.MetaValue transitive imports (legacy)",
         "9f41943b74af687b"],
        ["ArgonFormal.Foundation.MetaValue:importAllArts", "9dd661200ada2eb7"],
        ["ArgonFormal.Foundation.Truth4 transitive imports (legacy)",
         "dc4a4797ad4d0f99"],
        ["ArgonFormal.Foundation.Truth4:importAllArts", "013c1e62104deaa0"],
        ["ArgonFormal.Foundation.LatticeContext transitive imports (legacy)",
         "94e3e92bc2f94ff2"],
        ["ArgonFormal.Foundation.LatticeContext:importAllArts",
         "711fdfa3556ef744"],
        ["ArgonFormal.Foundation.Projection transitive imports (legacy)",
         "a7e42f68423c54fb"],
        ["ArgonFormal.Foundation.Projection:importAllArts", "51a3bcb1b0157468"],
        ["ArgonFormal.Schema.Signature transitive imports (legacy)",
         "adef87b513439475"],
        ["ArgonFormal.Schema.Signature:importAllArts", "1f011dd8c13f2ab7"],
        ["ArgonFormal.Schema.Ontology transitive imports (legacy)",
         "025e25f64fece43c"],
        ["ArgonFormal.Schema.Ontology:importAllArts", "fd874e888d88e61b"],
        ["ArgonFormal.Schema.WorldAssumption transitive imports (legacy)",
         "00000000000006bb"],
        ["ArgonFormal.Schema.WorldAssumption:importAllArts",
         "f1db6b608d68b2f9"],
        ["ArgonFormal.Schema.TypeGraph transitive imports (legacy)",
         "f6dcbb183c83191f"],
        ["ArgonFormal.Schema.TypeGraph:importAllArts", "a6a3a96ceb980b0a"],
        ["ArgonFormal.Reasoning.State transitive imports (legacy)",
         "576309de85b71f22"],
        ["ArgonFormal.Reasoning.State:importAllArts", "931cc6f541e70568"],
        ["ArgonFormal.Reasoning.Stratification transitive imports (legacy)",
         "00000000000006bb"],
        ["ArgonFormal.Reasoning.Stratification:importAllArts",
         "04a083f60e2a898f"],
        ["ArgonFormal.Reasoning.Rule transitive imports (legacy)",
         "ba547af3bec6f7fd"],
        ["ArgonFormal.Reasoning.Rule:importAllArts", "f2cff26e9fe6d51a"],
        ["ArgonFormal.Reasoning.Fixpoint transitive imports (legacy)",
         "bec818ef3181c70f"],
        ["ArgonFormal.Reasoning.Fixpoint:importAllArts", "a81ff37dfa40aeeb"],
        ["ArgonFormal.Reasoning.Stability transitive imports (legacy)",
         "4831dd25129b2616"],
        ["ArgonFormal.Reasoning.Stability:importAllArts", "644cfdc0f0c7b16a"],
        ["ArgonFormal.Reasoning.Composition transitive imports (legacy)",
         "4831dd25129b2616"],
        ["ArgonFormal.Reasoning.Composition:importAllArts", "e60976f2a219aa2e"],
        ["ArgonFormal.Reasoning.Necessity transitive imports (legacy)",
         "bec818ef3181c70f"],
        ["ArgonFormal.Reasoning.Necessity:importAllArts", "3b26feeb9e722e23"],
        ["ArgonFormal.Reasoning.Parametric transitive imports (legacy)",
         "44023d52e284ebf3"],
        ["ArgonFormal.Reasoning.Parametric:importAllArts", "8c203d6602fd83fa"],
        ["ArgonFormal.Reasoning.Diagnostics transitive imports (legacy)",
         "4831dd25129b2616"],
        ["ArgonFormal.Reasoning.Diagnostics:importAllArts", "dff6727f483b90fa"],
        ["ArgonFormal.TypeSystem.NarrowPred transitive imports (legacy)",
         "dc4a4797ad4d0f99"],
        ["ArgonFormal.TypeSystem.NarrowPred:importAllArts", "b906d7a42720d71a"],
        ["ArgonFormal.TypeSystem.NarrowEnv transitive imports (legacy)",
         "5caacfd95421e944"],
        ["ArgonFormal.TypeSystem.NarrowEnv:importAllArts", "5d52dbdec4b34c93"],
        ["ArgonFormal.TypeSystem.Judgment transitive imports (legacy)",
         "21ff8394882408a2"],
        ["ArgonFormal.TypeSystem.Judgment:importAllArts", "9d4994ec1721ffd2"],
        ["ArgonFormal.TypeSystem.Monotonicity transitive imports (legacy)",
         "a63313100e146f37"],
        ["ArgonFormal.TypeSystem.Monotonicity:importAllArts",
         "3d943475132709f8"],
        ["ArgonFormal.TypeSystem.Soundness.CrossStratum transitive imports (legacy)",
         "033c44152a859583"],
        ["ArgonFormal.TypeSystem.Soundness.CrossStratum:importAllArts",
         "be3b6891cbb069a5"],
        ["ArgonFormal.TypeSystem.Soundness.CwaOwa transitive imports (legacy)",
         "21ff8394882408a2"],
        ["ArgonFormal.TypeSystem.Soundness.CwaOwa:importAllArts",
         "a34cdf56202cd7c8"],
        ["ArgonFormal.TypeSystem.Soundness.Defeasibility transitive imports (legacy)",
         "21ff8394882408a2"],
        ["ArgonFormal.TypeSystem.Soundness.Defeasibility:importAllArts",
         "d81d90d75b2da9e2"],
        ["ArgonFormal.TypeSystem.Soundness.FlowTyping transitive imports (legacy)",
         "0a4adbf8aa69880c"],
        ["ArgonFormal.TypeSystem.Soundness.FlowTyping:importAllArts",
         "6cce5686b3237738"],
        ["ArgonFormal.Standpoint.Stratification transitive imports (legacy)",
         "cc226c4f575aab2e"],
        ["ArgonFormal.Standpoint.Stratification:importAllArts",
         "0bead0c1e34d4d80"],
        ["ArgonFormal.Standpoint.Federation transitive imports (legacy)",
         "2c0f05e42596e4aa"],
        ["ArgonFormal.Standpoint.Federation:importAllArts", "ef3c6d6097703029"],
        ["ArgonFormal.Standpoint.Consistency transitive imports (legacy)",
         "a7e42f68423c54fb"],
        ["ArgonFormal.Standpoint.Consistency:importAllArts",
         "c65e5b4de387645c"],
        ["ArgonFormal.Standpoint.BackwardCompat transitive imports (legacy)",
         "53a50627e44ad4d6"],
        ["ArgonFormal.Standpoint.BackwardCompat:importAllArts",
         "4813772bb60e064e"],
        ["ArgonFormal.Decidability.Fragment transitive imports (legacy)",
         "6516b38fdc4fbfe3"],
        ["ArgonFormal.Decidability.Fragment:importAllArts", "6905d7fb105e0be7"],
        ["ArgonFormal.Decidability.Domain1.TC transitive imports (legacy)",
         "8592d4c3c065fefe"],
        ["ArgonFormal.Decidability.Domain1.TC:importAllArts",
         "a8b0aa1a0e23b234"],
        ["ArgonFormal.Decidability.Domain1.Eval transitive imports (legacy)",
         "9ba5fd80c01c4039"],
        ["ArgonFormal.Decidability.Domain1.Eval:importAllArts",
         "1ef05533773c3c5f"],
        ["ArgonFormal.Decidability.Domain1.Decidability transitive imports (legacy)",
         "601e5fa9d1b4a8c2"],
        ["ArgonFormal.Decidability.Domain1.Decidability:importAllArts",
         "2f545375f98e4f6f"],
        ["ArgonFormal.Decidability.Domain2.Theories transitive imports (legacy)",
         "2e1a74c2671800c5"],
        ["ArgonFormal.Decidability.Domain2.Theories:importAllArts",
         "4334ad85869b33bd"],
        ["ArgonFormal.Decidability.Domain2.Decidability transitive imports (legacy)",
         "6f177a5ef223114d"],
        ["ArgonFormal.Decidability.Domain2.Decidability:importAllArts",
         "607eecf1be1eaf25"],
        ["ArgonFormal.Decidability.CrossDomain.Staging transitive imports (legacy)",
         "28ff6585c602189c"],
        ["ArgonFormal.Decidability.CrossDomain.Staging:importAllArts",
         "b0c499fc9075c951"],
        ["ArgonFormal.Decidability.CrossDomain.Decidability transitive imports (legacy)",
         "97e1b3d277c3353f"],
        ["ArgonFormal.Decidability.CrossDomain.Decidability:importAllArts",
         "ee457c2f159ea1ea"],
        ["ArgonFormal.Decidability.Complexity.Bounds transitive imports (legacy)",
         "8de97625cda14556"],
        ["ArgonFormal.Decidability.Complexity.Bounds:importAllArts",
         "795d50d2cda8e04e"],
        ["ArgonFormal.Locality.Cwa transitive imports (legacy)",
         "674d74b15ea32294"],
        ["ArgonFormal.Locality.Cwa:importAllArts", "823fede03fd88fef"],
        ["ArgonFormal.Locality.ChainedCwa transitive imports (legacy)",
         "89f09e8e43ee15a8"],
        ["ArgonFormal.Locality.ChainedCwa:importAllArts", "8852421656403257"],
        ["ArgonFormal.Locality.Locality transitive imports (legacy)",
         "33c0159f5cac3cc4"],
        ["ArgonFormal.Locality.Locality:importAllArts", "dabc3ae31e705b48"],
        ["ArgonFormal.Locality.ScopedConservativity transitive imports (legacy)",
         "7b1095e321e7d0cc"],
        ["ArgonFormal.Locality.ScopedConservativity:importAllArts",
         "589fdd02989cb36a"],
        ["ArgonFormal.Locality.SheafEquivalence transitive imports (legacy)",
         "813eff6de94bb2d2"],
        ["ArgonFormal.Locality.SheafEquivalence:importAllArts",
         "bb91678a8b0fdab5"],
        ["ArgonFormal.Locality.DomainConservative transitive imports (legacy)",
         "89f09e8e43ee15a8"],
        ["ArgonFormal.Locality.DomainConservative:importAllArts",
         "76062b41569706ea"],
        ["ArgonFormal.Locality.Seminaive transitive imports (legacy)",
         "659324eb225f0770"],
        ["ArgonFormal.Locality.Seminaive:importAllArts", "48d4cc27f9aaaf9c"],
        ["ArgonFormal.Locality.DefeasibleExtraction transitive imports (legacy)",
         "674d74b15ea32294"],
        ["ArgonFormal.Locality.DefeasibleExtraction:importAllArts",
         "3fbdbd695c5e5a53"]]]]],
    ["libs",
     [["import dynlibs", "00000000000006bb"],
      ["package external libraries", "00000000000006bb"],
      ["module dynlibs", "00000000000006bb"],
      ["module plugins", "00000000000006bb"]]]]],
  ["Lean 4.29.0, commit 98dc76e3c0a9b856c9b98726b713fb04fab16740",
   "60bb08ef22408c8a"],
  ["/Users/ivanleon/Code/argon-formal/ArgonFormal.lean", "f549ee61302a7d7d"],
  ["options",
   [["-DmaxSynthPendingDepth=3", "c78e353d34de85d4"],
    ["-Dweak.linter.mathlibStandardSet=true", "8a155799906f2b42"],
    ["-DrelaxedAutoImplicit=false", "74a2b5546b55be80"],
    ["-Dpp.unicode.fun=true", "9b94070140457fab"]]],
  ["isModule: false", "feefd2a0d3a1847e"],
  ["Module.name: ArgonFormal", "e31882ba2b6c1881"],
  ["Package.id?: (some argon-formal)", "30020946a381fb23"],
  ["Module.leanArgs: #[]", "00000000000006bb"]],
 "depHash": "24f16b6bdcc1b8a0"}