{"synthetic": false,
 "schemaVersion": "2025-09-10",
 "outputs":
 {"o": ["ba48d7e4cb733757.olean"],
  "i": "719985a4d7aea99c.ilean",
  "c": "deb2842003ee8ffc.c"},
 "log":
 [{"message":
   ".> LEAN_PATH=/Users/ivanleon/Code/argon-formal/.lake/packages/Cli/.lake/build/lib/lean:/Users/ivanleon/Code/argon-formal/.lake/packages/batteries/.lake/build/lib/lean:/Users/ivanleon/Code/argon-formal/.lake/packages/Qq/.lake/build/lib/lean:/Users/ivanleon/Code/argon-formal/.lake/packages/aesop/.lake/build/lib/lean:/Users/ivanleon/Code/argon-formal/.lake/packages/proofwidgets/.lake/build/lib/lean:/Users/ivanleon/Code/argon-formal/.lake/packages/importGraph/.lake/build/lib/lean:/Users/ivanleon/Code/argon-formal/.lake/packages/LeanSearchClient/.lake/build/lib/lean:/Users/ivanleon/Code/argon-formal/.lake/packages/plausible/.lake/build/lib/lean:/Users/ivanleon/Code/argon-formal/.lake/packages/mathlib/.lake/build/lib/lean:/Users/ivanleon/Code/argon-formal/.lake/build/lib/lean /Users/ivanleon/.elan/toolchains/leanprover--lean4---v4.29.0/bin/lean /Users/ivanleon/Code/argon-formal/ArgonFormal/Locality/Cwa.lean -o /Users/ivanleon/Code/argon-formal/.lake/build/lib/lean/ArgonFormal/Locality/Cwa.olean -i /Users/ivanleon/Code/argon-formal/.lake/build/lib/lean/ArgonFormal/Locality/Cwa.ilean -c /Users/ivanleon/Code/argon-formal/.lake/build/ir/ArgonFormal/Locality/Cwa.c --setup /Users/ivanleon/Code/argon-formal/.lake/build/ir/ArgonFormal/Locality/Cwa.setup.json --json",
   "level": "trace"}],
 "inputs":
 [["ArgonFormal.Locality.Cwa:deps",
   [["deps",
     [["«argon-formal»/ArgonFormal:extraDep",
       [["@«argon-formal»:extraDep", "00000000000006bb"]]],
      ["imports",
       [["ArgonFormal.Schema.Signature transitive imports (legacy)",
         "adef87b513439475"],
        ["ArgonFormal.Schema.Signature:importAllArts", "1f011dd8c13f2ab7"],
        ["ArgonFormal.Schema.Ontology transitive imports (legacy)",
         "025e25f64fece43c"],
        ["ArgonFormal.Schema.Ontology:importAllArts", "fd874e888d88e61b"],
        ["ArgonFormal.Schema.WorldAssumption transitive imports (legacy)",
         "00000000000006bb"],
        ["ArgonFormal.Schema.WorldAssumption:importAllArts",
         "f1db6b608d68b2f9"],
        ["ArgonFormal.Locality.Locality transitive imports (legacy)",
         "33c0159f5cac3cc4"],
        ["ArgonFormal.Locality.Locality:importAllArts", "dabc3ae31e705b48"]]]]],
    ["libs",
     [["import dynlibs", "00000000000006bb"],
      ["package external libraries", "00000000000006bb"],
      ["module dynlibs", "00000000000006bb"],
      ["module plugins", "00000000000006bb"]]]]],
  ["Lean 4.29.0, commit 98dc76e3c0a9b856c9b98726b713fb04fab16740",
   "60bb08ef22408c8a"],
  ["/Users/ivanleon/Code/argon-formal/ArgonFormal/Locality/Cwa.lean",
   "1252c82c6a0fb2d2"],
  ["options",
   [["-DmaxSynthPendingDepth=3", "c78e353d34de85d4"],
    ["-Dweak.linter.mathlibStandardSet=true", "8a155799906f2b42"],
    ["-DrelaxedAutoImplicit=false", "74a2b5546b55be80"],
    ["-Dpp.unicode.fun=true", "9b94070140457fab"]]],
  ["isModule: false", "feefd2a0d3a1847e"],
  ["Module.name: ArgonFormal.Locality.Cwa", "4f4ddfc1de387b35"],
  ["Package.id?: (some argon-formal)", "30020946a381fb23"],
  ["Module.leanArgs: #[]", "00000000000006bb"]],
 "depHash": "17616bb8dabcc593"}