{"synthetic": false,
 "schemaVersion": "2025-09-10",
 "outputs":
 {"o": ["07a28350faffac21.olean"],
  "i": "1d1f76ac696a1be5.ilean",
  "c": "15312e330a8b1480.c"},
 "log":
 [{"message":
   ".> LEAN_PATH=/Users/ivanleon/Code/argon-formal/.lake/packages/Cli/.lake/build/lib/lean:/Users/ivanleon/Code/argon-formal/.lake/packages/batteries/.lake/build/lib/lean:/Users/ivanleon/Code/argon-formal/.lake/packages/Qq/.lake/build/lib/lean:/Users/ivanleon/Code/argon-formal/.lake/packages/aesop/.lake/build/lib/lean:/Users/ivanleon/Code/argon-formal/.lake/packages/proofwidgets/.lake/build/lib/lean:/Users/ivanleon/Code/argon-formal/.lake/packages/importGraph/.lake/build/lib/lean:/Users/ivanleon/Code/argon-formal/.lake/packages/LeanSearchClient/.lake/build/lib/lean:/Users/ivanleon/Code/argon-formal/.lake/packages/plausible/.lake/build/lib/lean:/Users/ivanleon/Code/argon-formal/.lake/packages/mathlib/.lake/build/lib/lean:/Users/ivanleon/Code/argon-formal/.lake/build/lib/lean /Users/ivanleon/.elan/toolchains/leanprover--lean4---v4.29.0/bin/lean /Users/ivanleon/Code/argon-formal/ArgonFormal/Locality/DefeasibleExtraction.lean -o /Users/ivanleon/Code/argon-formal/.lake/build/lib/lean/ArgonFormal/Locality/DefeasibleExtraction.olean -i /Users/ivanleon/Code/argon-formal/.lake/build/lib/lean/ArgonFormal/Locality/DefeasibleExtraction.ilean -c /Users/ivanleon/Code/argon-formal/.lake/build/ir/ArgonFormal/Locality/DefeasibleExtraction.c --setup /Users/ivanleon/Code/argon-formal/.lake/build/ir/ArgonFormal/Locality/DefeasibleExtraction.setup.json --json",
   "level": "trace"},
  {"message":
   "ArgonFormal/Locality/DefeasibleExtraction.lean:52:0: automatically included section variable(s) unused in theorem `defeat_complete_preserves`:\n  [DecidableEq RuleId]\n  [Fintype RuleId]\nconsider restructuring your `variable` declarations so that the variables are not in scope or explicitly omit them:\n  omit [DecidableEq RuleId] [Fintype RuleId] in theorem ...\n\nNote: This linter can be disabled with `set_option linter.unusedSectionVars false`",
   "level": "warning"},
  {"message":
   "ArgonFormal/Locality/DefeasibleExtraction.lean:52:0: `defeat_complete_preserves` does not use the following hypothesis in its type:\n  • [DecidableEq RuleId] (#2)\n\nConsider removing this hypothesis and using `classical` in the proof instead. For terms, consider using `open scoped Classical in` at the term level (not the command level).\n\nNote: This linter can be disabled with `set_option linter.unusedDecidableInType false`",
   "level": "warning"},
  {"message":
   "ArgonFormal/Locality/DefeasibleExtraction.lean:52:0: `defeat_complete_preserves` does not use the following hypothesis in its type:\n  • [Fintype RuleId] (#3)\n\nConsider replacing this hypothesis with the corresponding instance of `Finite` and using `Fintype.ofFinite` in the proof, or removing it entirely.\n\nNote: Add `import Mathlib.Data.Fintype.EquivFin` to make `Fintype.ofFinite` available.\n\nNote: This linter can be disabled with `set_option linter.unusedFintypeInType false`",
   "level": "warning"}],
 "inputs":
 [["ArgonFormal.Locality.DefeasibleExtraction:deps",
   [["deps",
     [["«argon-formal»/ArgonFormal:extraDep",
       [["@«argon-formal»:extraDep", "00000000000006bb"]]],
      ["imports",
       [["ArgonFormal.Schema.Signature transitive imports (legacy)",
         "adef87b513439475"],
        ["ArgonFormal.Schema.Signature:importAllArts", "1f011dd8c13f2ab7"],
        ["ArgonFormal.Schema.Ontology transitive imports (legacy)",
         "025e25f64fece43c"],
        ["ArgonFormal.Schema.Ontology:importAllArts", "fd874e888d88e61b"],
        ["ArgonFormal.Schema.WorldAssumption transitive imports (legacy)",
         "00000000000006bb"],
        ["ArgonFormal.Schema.WorldAssumption:importAllArts",
         "f1db6b608d68b2f9"],
        ["ArgonFormal.Locality.Locality transitive imports (legacy)",
         "33c0159f5cac3cc4"],
        ["ArgonFormal.Locality.Locality:importAllArts", "dabc3ae31e705b48"]]]]],
    ["libs",
     [["import dynlibs", "00000000000006bb"],
      ["package external libraries", "00000000000006bb"],
      ["module dynlibs", "00000000000006bb"],
      ["module plugins", "00000000000006bb"]]]]],
  ["Lean 4.29.0, commit 98dc76e3c0a9b856c9b98726b713fb04fab16740",
   "60bb08ef22408c8a"],
  ["/Users/ivanleon/Code/argon-formal/ArgonFormal/Locality/DefeasibleExtraction.lean",
   "908c826640f78c75"],
  ["options",
   [["-DmaxSynthPendingDepth=3", "c78e353d34de85d4"],
    ["-Dweak.linter.mathlibStandardSet=true", "8a155799906f2b42"],
    ["-DrelaxedAutoImplicit=false", "74a2b5546b55be80"],
    ["-Dpp.unicode.fun=true", "9b94070140457fab"]]],
  ["isModule: false", "feefd2a0d3a1847e"],
  ["Module.name: ArgonFormal.Locality.DefeasibleExtraction",
   "e0e3c2f8ed5dd93c"],
  ["Package.id?: (some argon-formal)", "30020946a381fb23"],
  ["Module.leanArgs: #[]", "00000000000006bb"]],
 "depHash": "d904d3a27a19183c"}