{"synthetic": false,
 "schemaVersion": "2025-09-10",
 "outputs":
 {"o": ["6e47d4f7e7853523.olean"],
  "i": "04b67279d1cdc75d.ilean",
  "c": "e0792799c6ef8094.c"},
 "log":
 [{"message":
   ".> LEAN_PATH=/Users/ivanleon/Code/argon-formal/.lake/packages/Cli/.lake/build/lib/lean:/Users/ivanleon/Code/argon-formal/.lake/packages/batteries/.lake/build/lib/lean:/Users/ivanleon/Code/argon-formal/.lake/packages/Qq/.lake/build/lib/lean:/Users/ivanleon/Code/argon-formal/.lake/packages/aesop/.lake/build/lib/lean:/Users/ivanleon/Code/argon-formal/.lake/packages/proofwidgets/.lake/build/lib/lean:/Users/ivanleon/Code/argon-formal/.lake/packages/importGraph/.lake/build/lib/lean:/Users/ivanleon/Code/argon-formal/.lake/packages/LeanSearchClient/.lake/build/lib/lean:/Users/ivanleon/Code/argon-formal/.lake/packages/plausible/.lake/build/lib/lean:/Users/ivanleon/Code/argon-formal/.lake/packages/mathlib/.lake/build/lib/lean:/Users/ivanleon/Code/argon-formal/.lake/build/lib/lean /Users/ivanleon/.elan/toolchains/leanprover--lean4---v4.29.0/bin/lean /Users/ivanleon/Code/argon-formal/ArgonFormal/Locality/SheafEquivalence.lean -o /Users/ivanleon/Code/argon-formal/.lake/build/lib/lean/ArgonFormal/Locality/SheafEquivalence.olean -i /Users/ivanleon/Code/argon-formal/.lake/build/lib/lean/ArgonFormal/Locality/SheafEquivalence.ilean -c /Users/ivanleon/Code/argon-formal/.lake/build/ir/ArgonFormal/Locality/SheafEquivalence.c --setup /Users/ivanleon/Code/argon-formal/.lake/build/ir/ArgonFormal/Locality/SheafEquivalence.setup.json --json",
   "level": "trace"},
  {"message":
   "ArgonFormal/Locality/SheafEquivalence.lean:89:0: automatically included section variable(s) unused in theorem `bottom_up_is_equilibrium`:\n  [DecidableEq ModId]\n  [Fintype ModId]\n  [DecidableEq Atom]\nconsider restructuring your `variable` declarations so that the variables are not in scope or explicitly omit them:\n  omit [DecidableEq ModId] [Fintype ModId] [DecidableEq Atom] in theorem ...\n\nNote: This linter can be disabled with `set_option linter.unusedSectionVars false`",
   "level": "warning"},
  {"message":
   "ArgonFormal/Locality/SheafEquivalence.lean:89:0: `bottom_up_is_equilibrium` does not use the following hypotheses in its type:\n  • [DecidableEq ModId] (#2)\n  • [DecidableEq Atom] (#5)\n\nConsider removing these hypotheses and using `classical` in the proof instead. For terms, consider using `open scoped Classical in` at the term level (not the command level).\n\nNote: This linter can be disabled with `set_option linter.unusedDecidableInType false`",
   "level": "warning"},
  {"message":
   "ArgonFormal/Locality/SheafEquivalence.lean:89:0: `bottom_up_is_equilibrium` does not use the following hypothesis in its type:\n  • [Fintype ModId] (#3)\n\nConsider replacing this hypothesis with the corresponding instance of `Finite` and using `Fintype.ofFinite` in the proof, or removing it entirely.\n\nNote: Add `import Mathlib.Data.Fintype.EquivFin` to make `Fintype.ofFinite` available.\n\nNote: This linter can be disabled with `set_option linter.unusedFintypeInType false`",
   "level": "warning"},
  {"message":
   "ArgonFormal/Locality/SheafEquivalence.lean:104:0: automatically included section variable(s) unused in theorem `equilibrium_is_global_section`:\n  [DecidableEq ModId]\n  [Fintype ModId]\n  [DecidableEq Atom]\nconsider restructuring your `variable` declarations so that the variables are not in scope or explicitly omit them:\n  omit [DecidableEq ModId] [Fintype ModId] [DecidableEq Atom] in theorem ...\n\nNote: This linter can be disabled with `set_option linter.unusedSectionVars false`",
   "level": "warning"},
  {"message":
   "ArgonFormal/Locality/SheafEquivalence.lean:104:0: `equilibrium_is_global_section` does not use the following hypotheses in its type:\n  • [DecidableEq ModId] (#2)\n  • [DecidableEq Atom] (#5)\n\nConsider removing these hypotheses and using `classical` in the proof instead. For terms, consider using `open scoped Classical in` at the term level (not the command level).\n\nNote: This linter can be disabled with `set_option linter.unusedDecidableInType false`",
   "level": "warning"},
  {"message":
   "ArgonFormal/Locality/SheafEquivalence.lean:104:0: `equilibrium_is_global_section` does not use the following hypothesis in its type:\n  • [Fintype ModId] (#3)\n\nConsider replacing this hypothesis with the corresponding instance of `Finite` and using `Fintype.ofFinite` in the proof, or removing it entirely.\n\nNote: Add `import Mathlib.Data.Fintype.EquivFin` to make `Fintype.ofFinite` available.\n\nNote: This linter can be disabled with `set_option linter.unusedFintypeInType false`",
   "level": "warning"},
  {"message":
   "ArgonFormal/Locality/SheafEquivalence.lean:139:0: automatically included section variable(s) unused in theorem `equilibrium_is_minimal_section`:\n  [DecidableEq ModId]\n  [Fintype ModId]\n  [DecidableEq Atom]\nconsider restructuring your `variable` declarations so that the variables are not in scope or explicitly omit them:\n  omit [DecidableEq ModId] [Fintype ModId] [DecidableEq Atom] in theorem ...\n\nNote: This linter can be disabled with `set_option linter.unusedSectionVars false`",
   "level": "warning"},
  {"message":
   "ArgonFormal/Locality/SheafEquivalence.lean:139:0: `equilibrium_is_minimal_section` does not use the following hypotheses in its type:\n  • [DecidableEq ModId] (#2)\n  • [DecidableEq Atom] (#5)\n\nConsider removing these hypotheses and using `classical` in the proof instead. For terms, consider using `open scoped Classical in` at the term level (not the command level).\n\nNote: This linter can be disabled with `set_option linter.unusedDecidableInType false`",
   "level": "warning"},
  {"message":
   "ArgonFormal/Locality/SheafEquivalence.lean:139:0: `equilibrium_is_minimal_section` does not use the following hypothesis in its type:\n  • [Fintype ModId] (#3)\n\nConsider replacing this hypothesis with the corresponding instance of `Finite` and using `Fintype.ofFinite` in the proof, or removing it entirely.\n\nNote: Add `import Mathlib.Data.Fintype.EquivFin` to make `Fintype.ofFinite` available.\n\nNote: This linter can be disabled with `set_option linter.unusedFintypeInType false`",
   "level": "warning"}],
 "inputs":
 [["ArgonFormal.Locality.SheafEquivalence:deps",
   [["deps",
     [["«argon-formal»/ArgonFormal:extraDep",
       [["@«argon-formal»:extraDep", "00000000000006bb"]]],
      ["imports",
       [["ArgonFormal.Schema.Signature transitive imports (legacy)",
         "adef87b513439475"],
        ["ArgonFormal.Schema.Signature:importAllArts", "1f011dd8c13f2ab7"],
        ["ArgonFormal.Schema.Ontology transitive imports (legacy)",
         "025e25f64fece43c"],
        ["ArgonFormal.Schema.Ontology:importAllArts", "fd874e888d88e61b"],
        ["ArgonFormal.Schema.WorldAssumption transitive imports (legacy)",
         "00000000000006bb"],
        ["ArgonFormal.Schema.WorldAssumption:importAllArts",
         "f1db6b608d68b2f9"],
        ["Mathlib.Data.Finset.Basic transitive imports (legacy)",
         "d7cbf544961eaad9"],
        ["Mathlib.Data.Finset.Basic:importAllArts", "5471e419b721ddee"],
        ["Mathlib.Order.FixedPoints transitive imports (legacy)",
         "18909abec4ca57f2"],
        ["Mathlib.Order.FixedPoints:importAllArts", "f0b1c86f9ba86457"]]]]],
    ["libs",
     [["import dynlibs", "00000000000006bb"],
      ["package external libraries", "00000000000006bb"],
      ["module dynlibs", "00000000000006bb"],
      ["module plugins", "00000000000006bb"]]]]],
  ["Lean 4.29.0, commit 98dc76e3c0a9b856c9b98726b713fb04fab16740",
   "60bb08ef22408c8a"],
  ["/Users/ivanleon/Code/argon-formal/ArgonFormal/Locality/SheafEquivalence.lean",
   "b4e615a3600105f6"],
  ["options",
   [["-DmaxSynthPendingDepth=3", "c78e353d34de85d4"],
    ["-Dweak.linter.mathlibStandardSet=true", "8a155799906f2b42"],
    ["-DrelaxedAutoImplicit=false", "74a2b5546b55be80"],
    ["-Dpp.unicode.fun=true", "9b94070140457fab"]]],
  ["isModule: false", "feefd2a0d3a1847e"],
  ["Module.name: ArgonFormal.Locality.SheafEquivalence", "2622da1a479454c6"],
  ["Package.id?: (some argon-formal)", "30020946a381fb23"],
  ["Module.leanArgs: #[]", "00000000000006bb"]],
 "depHash": "79e10160cd882ef8"}