{"synthetic": false,
 "schemaVersion": "2025-09-10",
 "outputs":
 {"o": ["a843aacf0d8c0c99.olean"],
  "i": "b2933b6cf9f47a92.ilean",
  "c": "ce630e6f81504aa1.c"},
 "log":
 [{"message":
   ".> LEAN_PATH=/Users/ivanleon/Code/argon-formal/.lake/packages/Cli/.lake/build/lib/lean:/Users/ivanleon/Code/argon-formal/.lake/packages/batteries/.lake/build/lib/lean:/Users/ivanleon/Code/argon-formal/.lake/packages/Qq/.lake/build/lib/lean:/Users/ivanleon/Code/argon-formal/.lake/packages/aesop/.lake/build/lib/lean:/Users/ivanleon/Code/argon-formal/.lake/packages/proofwidgets/.lake/build/lib/lean:/Users/ivanleon/Code/argon-formal/.lake/packages/importGraph/.lake/build/lib/lean:/Users/ivanleon/Code/argon-formal/.lake/packages/LeanSearchClient/.lake/build/lib/lean:/Users/ivanleon/Code/argon-formal/.lake/packages/plausible/.lake/build/lib/lean:/Users/ivanleon/Code/argon-formal/.lake/packages/mathlib/.lake/build/lib/lean:/Users/ivanleon/Code/argon-formal/.lake/build/lib/lean /Users/ivanleon/.elan/toolchains/leanprover--lean4---v4.29.0/bin/lean /Users/ivanleon/Code/argon-formal/ArgonFormal/Standpoint/BackwardCompat.lean -o /Users/ivanleon/Code/argon-formal/.lake/build/lib/lean/ArgonFormal/Standpoint/BackwardCompat.olean -i /Users/ivanleon/Code/argon-formal/.lake/build/lib/lean/ArgonFormal/Standpoint/BackwardCompat.ilean -c /Users/ivanleon/Code/argon-formal/.lake/build/ir/ArgonFormal/Standpoint/BackwardCompat.c --setup /Users/ivanleon/Code/argon-formal/.lake/build/ir/ArgonFormal/Standpoint/BackwardCompat.setup.json --json",
   "level": "trace"}],
 "inputs":
 [["ArgonFormal.Standpoint.BackwardCompat:deps",
   [["deps",
     [["«argon-formal»/ArgonFormal:extraDep",
       [["@«argon-formal»:extraDep", "00000000000006bb"]]],
      ["imports",
       [["ArgonFormal.Standpoint.Consistency transitive imports (legacy)",
         "a7e42f68423c54fb"],
        ["ArgonFormal.Standpoint.Consistency:importAllArts",
         "c65e5b4de387645c"],
        ["ArgonFormal.Standpoint.Federation transitive imports (legacy)",
         "2c0f05e42596e4aa"],
        ["ArgonFormal.Standpoint.Federation:importAllArts", "ef3c6d6097703029"],
        ["ArgonFormal.TypeSystem.Soundness.FlowTyping transitive imports (legacy)",
         "0a4adbf8aa69880c"],
        ["ArgonFormal.TypeSystem.Soundness.FlowTyping:importAllArts",
         "6cce5686b3237738"]]]]],
    ["libs",
     [["import dynlibs", "00000000000006bb"],
      ["package external libraries", "00000000000006bb"],
      ["module dynlibs", "00000000000006bb"],
      ["module plugins", "00000000000006bb"]]]]],
  ["Lean 4.29.0, commit 98dc76e3c0a9b856c9b98726b713fb04fab16740",
   "60bb08ef22408c8a"],
  ["/Users/ivanleon/Code/argon-formal/ArgonFormal/Standpoint/BackwardCompat.lean",
   "d065a98ac624389e"],
  ["options",
   [["-DmaxSynthPendingDepth=3", "c78e353d34de85d4"],
    ["-Dweak.linter.mathlibStandardSet=true", "8a155799906f2b42"],
    ["-DrelaxedAutoImplicit=false", "74a2b5546b55be80"],
    ["-Dpp.unicode.fun=true", "9b94070140457fab"]]],
  ["isModule: false", "feefd2a0d3a1847e"],
  ["Module.name: ArgonFormal.Standpoint.BackwardCompat", "f002c568d0a7f8fc"],
  ["Package.id?: (some argon-formal)", "30020946a381fb23"],
  ["Module.leanArgs: #[]", "00000000000006bb"]],
 "depHash": "85d72d8716ef9c2f"}