{"synthetic": false,
 "schemaVersion": "2025-09-10",
 "outputs":
 {"o": ["54e2a41bb22d3f85.olean"],
  "i": "eca3ee3d2940f212.ilean",
  "c": "1bdab61855102149.c"},
 "log":
 [{"message":
   ".> LEAN_PATH=/Users/ivanleon/Code/argon-formal/.lake/packages/Cli/.lake/build/lib/lean:/Users/ivanleon/Code/argon-formal/.lake/packages/batteries/.lake/build/lib/lean:/Users/ivanleon/Code/argon-formal/.lake/packages/Qq/.lake/build/lib/lean:/Users/ivanleon/Code/argon-formal/.lake/packages/aesop/.lake/build/lib/lean:/Users/ivanleon/Code/argon-formal/.lake/packages/proofwidgets/.lake/build/lib/lean:/Users/ivanleon/Code/argon-formal/.lake/packages/importGraph/.lake/build/lib/lean:/Users/ivanleon/Code/argon-formal/.lake/packages/LeanSearchClient/.lake/build/lib/lean:/Users/ivanleon/Code/argon-formal/.lake/packages/plausible/.lake/build/lib/lean:/Users/ivanleon/Code/argon-formal/.lake/packages/mathlib/.lake/build/lib/lean:/Users/ivanleon/Code/argon-formal/.lake/build/lib/lean /Users/ivanleon/.elan/toolchains/leanprover--lean4---v4.29.0/bin/lean /Users/ivanleon/Code/argon-formal/ArgonFormal/Reasoning/Composition.lean -o /Users/ivanleon/Code/argon-formal/.lake/build/lib/lean/ArgonFormal/Reasoning/Composition.olean -i /Users/ivanleon/Code/argon-formal/.lake/build/lib/lean/ArgonFormal/Reasoning/Composition.ilean -c /Users/ivanleon/Code/argon-formal/.lake/build/ir/ArgonFormal/Reasoning/Composition.c --setup /Users/ivanleon/Code/argon-formal/.lake/build/ir/ArgonFormal/Reasoning/Composition.setup.json --json",
   "level": "trace"},
  {"message":
   "ArgonFormal/Reasoning/Composition.lean:60:4: 'simp [Finset.mem_union] at ha' is a flexible tactic modifying 'ha'. Try 'simp?' and use the suggested 'simp only [...]'. Alternatively, use `suffices` to explicitly state the simplified form.\n\nNote: This linter can be disabled with `set_option linter.flexible false`",
   "level": "warning"},
  {"message":
   "ArgonFormal/Reasoning/Composition.lean:60:4: Try this:\n  [apply] simp only [List.append_eq_nil_iff] at ha",
   "level": "info"},
  {"message":
   "ArgonFormal/Reasoning/Composition.lean:61:4: 'rw [p1.cat1_scope a ha.1, p2.cat1_scope a ha.2]' uses 'ha'!",
   "level": "info"},
  {"message":
   "ArgonFormal/Reasoning/Composition.lean:64:4: 'simp [Finset.mem_union] at ha' is a flexible tactic modifying 'ha'. Try 'simp?' and use the suggested 'simp only [...]'. Alternatively, use `suffices` to explicitly state the simplified form.\n\nNote: This linter can be disabled with `set_option linter.flexible false`",
   "level": "warning"},
  {"message":
   "ArgonFormal/Reasoning/Composition.lean:64:4: Try this:\n  [apply] simp only [List.append_eq_nil_iff] at ha",
   "level": "info"},
  {"message":
   "ArgonFormal/Reasoning/Composition.lean:65:4: 'rw [p1.cat2_scope a ha.1, p2.cat2_scope a ha.2]' uses 'ha'!",
   "level": "info"},
  {"message":
   "ArgonFormal/Reasoning/Composition.lean:71:5: unused variable `p1`\n\nNote: This linter can be disabled with `set_option linter.unusedVariables false`",
   "level": "warning"},
  {"message":
   "ArgonFormal/Reasoning/Composition.lean:71:8: unused variable `p2`\n\nNote: This linter can be disabled with `set_option linter.unusedVariables false`",
   "level": "warning"},
  {"message":
   "ArgonFormal/Reasoning/Composition.lean:73:5: unused variable `h_acyclic`\n\nNote: This linter can be disabled with `set_option linter.unusedVariables false`",
   "level": "warning"},
  {"message":
   "ArgonFormal/Reasoning/Composition.lean:74:6: unused variable `result`\n\nNote: This linter can be disabled with `set_option linter.unusedVariables false`",
   "level": "warning"},
  {"message":
   "ArgonFormal/Reasoning/Composition.lean:85:5: unused variable `h_disjoint`\n\nNote: This linter can be disabled with `set_option linter.unusedVariables false`",
   "level": "warning"},
  {"message":
   "ArgonFormal/Reasoning/Composition.lean:87:5: unused variable `h_acyclic`\n\nNote: This linter can be disabled with `set_option linter.unusedVariables false`",
   "level": "warning"},
  {"message":
   "ArgonFormal/Reasoning/Composition.lean:88:5: unused variable `axisSorted`\n\nNote: This linter can be disabled with `set_option linter.unusedVariables false`",
   "level": "warning"},
  {"message":
   "ArgonFormal/Reasoning/Composition.lean:90:21: unused variable `c`\n\nNote: This linter can be disabled with `set_option linter.unusedVariables false`",
   "level": "warning"},
  {"message":
   "ArgonFormal/Reasoning/Composition.lean:112:5: unused variable `h_shared`\n\nNote: This linter can be disabled with `set_option linter.unusedVariables false`",
   "level": "warning"},
  {"message":
   "ArgonFormal/Reasoning/Composition.lean:114:5: unused variable `h_confluent`\n\nNote: This linter can be disabled with `set_option linter.unusedVariables false`",
   "level": "warning"}],
 "inputs":
 [["ArgonFormal.Reasoning.Composition:deps",
   [["deps",
     [["«argon-formal»/ArgonFormal:extraDep",
       [["@«argon-formal»:extraDep", "00000000000006bb"]]],
      ["imports",
       [["ArgonFormal.Reasoning.Fixpoint transitive imports (legacy)",
         "bec818ef3181c70f"],
        ["ArgonFormal.Reasoning.Fixpoint:importAllArts",
         "a81ff37dfa40aeeb"]]]]],
    ["libs",
     [["import dynlibs", "00000000000006bb"],
      ["package external libraries", "00000000000006bb"],
      ["module dynlibs", "00000000000006bb"],
      ["module plugins", "00000000000006bb"]]]]],
  ["Lean 4.29.0, commit 98dc76e3c0a9b856c9b98726b713fb04fab16740",
   "60bb08ef22408c8a"],
  ["/Users/ivanleon/Code/argon-formal/ArgonFormal/Reasoning/Composition.lean",
   "1a02b0f8fa53d8fd"],
  ["options",
   [["-DmaxSynthPendingDepth=3", "c78e353d34de85d4"],
    ["-Dweak.linter.mathlibStandardSet=true", "8a155799906f2b42"],
    ["-DrelaxedAutoImplicit=false", "74a2b5546b55be80"],
    ["-Dpp.unicode.fun=true", "9b94070140457fab"]]],
  ["isModule: false", "feefd2a0d3a1847e"],
  ["Module.name: ArgonFormal.Reasoning.Composition", "4f59c56891a5b7cc"],
  ["Package.id?: (some argon-formal)", "30020946a381fb23"],
  ["Module.leanArgs: #[]", "00000000000006bb"]],
 "depHash": "0482d81a2f5627d2"}