{"synthetic": false,
 "schemaVersion": "2025-09-10",
 "outputs":
 {"o": ["66b066591b00adb2.olean"],
  "i": "6c49e128dda11f8a.ilean",
  "c": "c221cc0672bf85e1.c"},
 "log":
 [{"message":
   ".> LEAN_PATH=/Users/ivanleon/Code/argon-formal/.lake/packages/Cli/.lake/build/lib/lean:/Users/ivanleon/Code/argon-formal/.lake/packages/batteries/.lake/build/lib/lean:/Users/ivanleon/Code/argon-formal/.lake/packages/Qq/.lake/build/lib/lean:/Users/ivanleon/Code/argon-formal/.lake/packages/aesop/.lake/build/lib/lean:/Users/ivanleon/Code/argon-formal/.lake/packages/proofwidgets/.lake/build/lib/lean:/Users/ivanleon/Code/argon-formal/.lake/packages/importGraph/.lake/build/lib/lean:/Users/ivanleon/Code/argon-formal/.lake/packages/LeanSearchClient/.lake/build/lib/lean:/Users/ivanleon/Code/argon-formal/.lake/packages/plausible/.lake/build/lib/lean:/Users/ivanleon/Code/argon-formal/.lake/packages/mathlib/.lake/build/lib/lean:/Users/ivanleon/Code/argon-formal/.lake/build/lib/lean /Users/ivanleon/.elan/toolchains/leanprover--lean4---v4.29.0/bin/lean /Users/ivanleon/Code/argon-formal/ArgonFormal/Reasoning/Fixpoint.lean -o /Users/ivanleon/Code/argon-formal/.lake/build/lib/lean/ArgonFormal/Reasoning/Fixpoint.olean -i /Users/ivanleon/Code/argon-formal/.lake/build/lib/lean/ArgonFormal/Reasoning/Fixpoint.ilean -c /Users/ivanleon/Code/argon-formal/.lake/build/ir/ArgonFormal/Reasoning/Fixpoint.c --setup /Users/ivanleon/Code/argon-formal/.lake/build/ir/ArgonFormal/Reasoning/Fixpoint.setup.json --json",
   "level": "trace"},
  {"message":
   "ArgonFormal/Reasoning/Fixpoint.lean:51:0: automatically included section variable(s) unused in theorem `composeMonotone_monotone`:\n  [Fintype C]\n  [Fintype A]\nconsider restructuring your `variable` declarations so that the variables are not in scope or explicitly omit them:\n  omit [Fintype C] [Fintype A] in theorem ...\n\nNote: This linter can be disabled with `set_option linter.unusedSectionVars false`",
   "level": "warning"},
  {"message":
   "ArgonFormal/Reasoning/Fixpoint.lean:50:0: `composeMonotone_monotone` does not use the following hypotheses in its type:\n  • [Fintype C] (#5)\n  • [Fintype A] (#6)\n\nConsider replacing these hypotheses with the corresponding instances of `Finite` and using `Fintype.ofFinite` in the proof, or removing them entirely.\n\nNote: This linter can be disabled with `set_option linter.unusedFintypeInType false`",
   "level": "warning"},
  {"message":
   "ArgonFormal/Reasoning/Fixpoint.lean:195:0: automatically included section variable(s) unused in theorem `monotone_inflationary_lfp_unique`:\n  [Fintype C]\n  [Fintype A]\nconsider restructuring your `variable` declarations so that the variables are not in scope or explicitly omit them:\n  omit [Fintype C] [Fintype A] in theorem ...\n\nNote: This linter can be disabled with `set_option linter.unusedSectionVars false`",
   "level": "warning"},
  {"message":
   "ArgonFormal/Reasoning/Fixpoint.lean:193:0: `monotone_inflationary_lfp_unique` does not use the following hypotheses in its type:\n  • [Fintype C] (#5)\n  • [Fintype A] (#6)\n\nConsider replacing these hypotheses with the corresponding instances of `Finite` and using `Fintype.ofFinite` in the proof, or removing them entirely.\n\nNote: This linter can be disabled with `set_option linter.unusedFintypeInType false`",
   "level": "warning"}],
 "inputs":
 [["ArgonFormal.Reasoning.Fixpoint:deps",
   [["deps",
     [["«argon-formal»/ArgonFormal:extraDep",
       [["@«argon-formal»:extraDep", "00000000000006bb"]]],
      ["imports",
       [["ArgonFormal.Reasoning.Rule transitive imports (legacy)",
         "ba547af3bec6f7fd"],
        ["ArgonFormal.Reasoning.Rule:importAllArts", "f2cff26e9fe6d51a"]]]]],
    ["libs",
     [["import dynlibs", "00000000000006bb"],
      ["package external libraries", "00000000000006bb"],
      ["module dynlibs", "00000000000006bb"],
      ["module plugins", "00000000000006bb"]]]]],
  ["Lean 4.29.0, commit 98dc76e3c0a9b856c9b98726b713fb04fab16740",
   "60bb08ef22408c8a"],
  ["/Users/ivanleon/Code/argon-formal/ArgonFormal/Reasoning/Fixpoint.lean",
   "bda3af4b394bcbbd"],
  ["options",
   [["-DmaxSynthPendingDepth=3", "c78e353d34de85d4"],
    ["-Dweak.linter.mathlibStandardSet=true", "8a155799906f2b42"],
    ["-DrelaxedAutoImplicit=false", "74a2b5546b55be80"],
    ["-Dpp.unicode.fun=true", "9b94070140457fab"]]],
  ["isModule: false", "feefd2a0d3a1847e"],
  ["Module.name: ArgonFormal.Reasoning.Fixpoint", "b693adc91642710f"],
  ["Package.id?: (some argon-formal)", "30020946a381fb23"],
  ["Module.leanArgs: #[]", "00000000000006bb"]],
 "depHash": "3a8d9cbeaf7aa1af"}