{"synthetic": false,
 "schemaVersion": "2025-09-10",
 "outputs":
 {"o": ["33d13037ec6c9e58.olean"],
  "i": "88697291776185f2.ilean",
  "c": "9b7da7c271bf2143.c"},
 "log":
 [{"message":
   ".> LEAN_PATH=/Users/ivanleon/Code/argon-formal/.lake/packages/Cli/.lake/build/lib/lean:/Users/ivanleon/Code/argon-formal/.lake/packages/batteries/.lake/build/lib/lean:/Users/ivanleon/Code/argon-formal/.lake/packages/Qq/.lake/build/lib/lean:/Users/ivanleon/Code/argon-formal/.lake/packages/aesop/.lake/build/lib/lean:/Users/ivanleon/Code/argon-formal/.lake/packages/proofwidgets/.lake/build/lib/lean:/Users/ivanleon/Code/argon-formal/.lake/packages/importGraph/.lake/build/lib/lean:/Users/ivanleon/Code/argon-formal/.lake/packages/LeanSearchClient/.lake/build/lib/lean:/Users/ivanleon/Code/argon-formal/.lake/packages/plausible/.lake/build/lib/lean:/Users/ivanleon/Code/argon-formal/.lake/packages/mathlib/.lake/build/lib/lean:/Users/ivanleon/Code/argon-formal/.lake/build/lib/lean /Users/ivanleon/.elan/toolchains/leanprover--lean4---v4.29.0/bin/lean /Users/ivanleon/Code/argon-formal/ArgonFormal/Reasoning/Necessity.lean -o /Users/ivanleon/Code/argon-formal/.lake/build/lib/lean/ArgonFormal/Reasoning/Necessity.olean -i /Users/ivanleon/Code/argon-formal/.lake/build/lib/lean/ArgonFormal/Reasoning/Necessity.ilean -c /Users/ivanleon/Code/argon-formal/.lake/build/ir/ArgonFormal/Reasoning/Necessity.c --setup /Users/ivanleon/Code/argon-formal/.lake/build/ir/ArgonFormal/Reasoning/Necessity.setup.json --json",
   "level": "trace"},
  {"message":
   "ArgonFormal/Reasoning/Necessity.lean:69:8: unused variable `rules_cat1`\n\nNote: This linter can be disabled with `set_option linter.unusedVariables false`",
   "level": "warning"},
  {"message":
   "ArgonFormal/Reasoning/Necessity.lean:70:8: unused variable `rules_cat2`\n\nNote: This linter can be disabled with `set_option linter.unusedVariables false`",
   "level": "warning"},
  {"message":
   "ArgonFormal/Reasoning/Necessity.lean:71:8: unused variable `order1`\n\nNote: This linter can be disabled with `set_option linter.unusedVariables false`",
   "level": "warning"},
  {"message":
   "ArgonFormal/Reasoning/Necessity.lean:71:15: unused variable `order2`\n\nNote: This linter can be disabled with `set_option linter.unusedVariables false`",
   "level": "warning"},
  {"message":
   "ArgonFormal/Reasoning/Necessity.lean:89:10: Local variable 'c' resembles constructor 'OneConcept.c' - write '.c' (with a dot) or 'OneConcept.c' to use the constructor.\n\nNote: This linter can be disabled with `set_option linter.constructorNameAsVariable false`",
   "level": "warning"},
  {"message":
   "ArgonFormal/Reasoning/Necessity.lean:93:10: Local variable 'c' resembles constructor 'OneConcept.c' - write '.c' (with a dot) or 'OneConcept.c' to use the constructor.\n\nNote: This linter can be disabled with `set_option linter.constructorNameAsVariable false`",
   "level": "warning"}],
 "inputs":
 [["ArgonFormal.Reasoning.Necessity:deps",
   [["deps",
     [["«argon-formal»/ArgonFormal:extraDep",
       [["@«argon-formal»:extraDep", "00000000000006bb"]]],
      ["imports",
       [["ArgonFormal.Reasoning.Rule transitive imports (legacy)",
         "ba547af3bec6f7fd"],
        ["ArgonFormal.Reasoning.Rule:importAllArts", "f2cff26e9fe6d51a"]]]]],
    ["libs",
     [["import dynlibs", "00000000000006bb"],
      ["package external libraries", "00000000000006bb"],
      ["module dynlibs", "00000000000006bb"],
      ["module plugins", "00000000000006bb"]]]]],
  ["Lean 4.29.0, commit 98dc76e3c0a9b856c9b98726b713fb04fab16740",
   "60bb08ef22408c8a"],
  ["/Users/ivanleon/Code/argon-formal/ArgonFormal/Reasoning/Necessity.lean",
   "fae8d0db37796c9b"],
  ["options",
   [["-DmaxSynthPendingDepth=3", "c78e353d34de85d4"],
    ["-Dweak.linter.mathlibStandardSet=true", "8a155799906f2b42"],
    ["-DrelaxedAutoImplicit=false", "74a2b5546b55be80"],
    ["-Dpp.unicode.fun=true", "9b94070140457fab"]]],
  ["isModule: false", "feefd2a0d3a1847e"],
  ["Module.name: ArgonFormal.Reasoning.Necessity", "ee3512079de4d35e"],
  ["Package.id?: (some argon-formal)", "30020946a381fb23"],
  ["Module.leanArgs: #[]", "00000000000006bb"]],
 "depHash": "b6ce0f8ca60aae41"}