{"synthetic": false,
 "schemaVersion": "2025-09-10",
 "outputs":
 {"o": ["60ecb9ad240ee06e.olean"],
  "i": "a7e8fb8e14b262c6.ilean",
  "c": "eb541b44f9fad603.c"},
 "log":
 [{"message":
   ".> LEAN_PATH=/Users/ivanleon/Code/argon-formal/.lake/packages/Cli/.lake/build/lib/lean:/Users/ivanleon/Code/argon-formal/.lake/packages/batteries/.lake/build/lib/lean:/Users/ivanleon/Code/argon-formal/.lake/packages/Qq/.lake/build/lib/lean:/Users/ivanleon/Code/argon-formal/.lake/packages/aesop/.lake/build/lib/lean:/Users/ivanleon/Code/argon-formal/.lake/packages/proofwidgets/.lake/build/lib/lean:/Users/ivanleon/Code/argon-formal/.lake/packages/importGraph/.lake/build/lib/lean:/Users/ivanleon/Code/argon-formal/.lake/packages/LeanSearchClient/.lake/build/lib/lean:/Users/ivanleon/Code/argon-formal/.lake/packages/plausible/.lake/build/lib/lean:/Users/ivanleon/Code/argon-formal/.lake/packages/mathlib/.lake/build/lib/lean:/Users/ivanleon/Code/argon-formal/.lake/build/lib/lean /Users/ivanleon/.elan/toolchains/leanprover--lean4---v4.29.0/bin/lean /Users/ivanleon/Code/argon-formal/ArgonFormal/Reasoning/Parametric.lean -o /Users/ivanleon/Code/argon-formal/.lake/build/lib/lean/ArgonFormal/Reasoning/Parametric.olean -i /Users/ivanleon/Code/argon-formal/.lake/build/lib/lean/ArgonFormal/Reasoning/Parametric.ilean -c /Users/ivanleon/Code/argon-formal/.lake/build/ir/ArgonFormal/Reasoning/Parametric.c --setup /Users/ivanleon/Code/argon-formal/.lake/build/ir/ArgonFormal/Reasoning/Parametric.setup.json --json",
   "level": "trace"},
  {"message":
   "ArgonFormal/Reasoning/Parametric.lean:93:0: automatically included section variable(s) unused in theorem `ParametricMonotoneRule.tryInstantiate_axis`:\n  [Fintype C]\n  [Fintype A]\nconsider restructuring your `variable` declarations so that the variables are not in scope or explicitly omit them:\n  omit [Fintype C] [Fintype A] in theorem ...\n\nNote: This linter can be disabled with `set_option linter.unusedSectionVars false`",
   "level": "warning"},
  {"message":
   "ArgonFormal/Reasoning/Parametric.lean:92:0: `ParametricMonotoneRule.tryInstantiate_axis` does not use the following hypotheses in its type:\n  • [Fintype C] (#5)\n  • [Fintype A] (#6)\n\nConsider replacing these hypotheses with the corresponding instances of `Finite` and using `Fintype.ofFinite` in the proof, or removing them entirely.\n\nNote: This linter can be disabled with `set_option linter.unusedFintypeInType false`",
   "level": "warning"},
  {"message":
   "ArgonFormal/Reasoning/Parametric.lean:108:0: automatically included section variable(s) unused in theorem `ParametricNafRule.tryInstantiate_axis`:\n  [Fintype C]\n  [Fintype A]\nconsider restructuring your `variable` declarations so that the variables are not in scope or explicitly omit them:\n  omit [Fintype C] [Fintype A] in theorem ...\n\nNote: This linter can be disabled with `set_option linter.unusedSectionVars false`",
   "level": "warning"},
  {"message":
   "ArgonFormal/Reasoning/Parametric.lean:107:0: `ParametricNafRule.tryInstantiate_axis` does not use the following hypotheses in its type:\n  • [Fintype C] (#5)\n  • [Fintype A] (#6)\n\nConsider replacing these hypotheses with the corresponding instances of `Finite` and using `Fintype.ofFinite` in the proof, or removing them entirely.\n\nNote: This linter can be disabled with `set_option linter.unusedFintypeInType false`",
   "level": "warning"},
  {"message":
   "ArgonFormal/Reasoning/Parametric.lean:129:100: This line exceeds the 100 character limit, please shorten it!\n\nNote: This linter can be disabled with `set_option linter.style.longLine false`",
   "level": "warning"},
  {"message":
   "ArgonFormal/Reasoning/Parametric.lean:159:0: `expandCat1ForAxis_axis` does not use the following hypotheses in its type:\n  • [Fintype C] (#5)\n  • [Fintype A] (#6)\n\nConsider replacing these hypotheses with the corresponding instances of `Finite` and using `Fintype.ofFinite` in the proof, or removing them entirely.\n\nNote: This linter can be disabled with `set_option linter.unusedFintypeInType false`",
   "level": "warning"},
  {"message":
   "ArgonFormal/Reasoning/Parametric.lean:167:0: `expandCat2ForAxis_axis` does not use the following hypotheses in its type:\n  • [Fintype C] (#5)\n  • [Fintype A] (#6)\n\nConsider replacing these hypotheses with the corresponding instances of `Finite` and using `Fintype.ofFinite` in the proof, or removing them entirely.\n\nNote: This linter can be disabled with `set_option linter.unusedFintypeInType false`",
   "level": "warning"},
  {"message":
   "ArgonFormal/Reasoning/Parametric.lean:282:100: This line exceeds the 100 character limit, please shorten it!\n\nNote: This linter can be disabled with `set_option linter.style.longLine false`",
   "level": "warning"},
  {"message":
   "ArgonFormal/Reasoning/Parametric.lean:310:4: 'simp [Finset.mem_union] at ha' is a flexible tactic modifying 'ha'. Try 'simp?' and use the suggested 'simp only [...]'. Alternatively, use `suffices` to explicitly state the simplified form.\n\nNote: This linter can be disabled with `set_option linter.flexible false`",
   "level": "warning"},
  {"message":
   "ArgonFormal/Reasoning/Parametric.lean:310:4: Try this:\n  [apply] simp only [List.append_eq_nil_iff] at ha",
   "level": "info"},
  {"message":
   "ArgonFormal/Reasoning/Parametric.lean:311:4: 'rw [pp1.cat1_scope a ha.1, pp2.cat1_scope a ha.2]' uses 'ha'!",
   "level": "info"},
  {"message":
   "ArgonFormal/Reasoning/Parametric.lean:313:4: 'simp [Finset.mem_union] at ha' is a flexible tactic modifying 'ha'. Try 'simp?' and use the suggested 'simp only [...]'. Alternatively, use `suffices` to explicitly state the simplified form.\n\nNote: This linter can be disabled with `set_option linter.flexible false`",
   "level": "warning"},
  {"message":
   "ArgonFormal/Reasoning/Parametric.lean:313:4: Try this:\n  [apply] simp only [List.append_eq_nil_iff] at ha",
   "level": "info"},
  {"message":
   "ArgonFormal/Reasoning/Parametric.lean:314:4: 'rw [pp1.cat2_scope a ha.1, pp2.cat2_scope a ha.2]' uses 'ha'!",
   "level": "info"},
  {"message":
   "ArgonFormal/Reasoning/Parametric.lean:396:0: automatically included section variable(s) unused in theorem `expandCat1_length_le`:\n  [Fintype C]\n  [Fintype A]\nconsider restructuring your `variable` declarations so that the variables are not in scope or explicitly omit them:\n  omit [Fintype C] [Fintype A] in theorem ...\n\nNote: This linter can be disabled with `set_option linter.unusedSectionVars false`",
   "level": "warning"},
  {"message":
   "ArgonFormal/Reasoning/Parametric.lean:394:0: `expandCat1_length_le` does not use the following hypotheses in its type:\n  • [Fintype C] (#5)\n  • [Fintype A] (#6)\n\nConsider replacing these hypotheses with the corresponding instances of `Finite` and using `Fintype.ofFinite` in the proof, or removing them entirely.\n\nNote: This linter can be disabled with `set_option linter.unusedFintypeInType false`",
   "level": "warning"},
  {"message":
   "ArgonFormal/Reasoning/Parametric.lean:403:0: automatically included section variable(s) unused in theorem `expandCat2_length_le`:\n  [Fintype C]\n  [Fintype A]\nconsider restructuring your `variable` declarations so that the variables are not in scope or explicitly omit them:\n  omit [Fintype C] [Fintype A] in theorem ...\n\nNote: This linter can be disabled with `set_option linter.unusedSectionVars false`",
   "level": "warning"},
  {"message":
   "ArgonFormal/Reasoning/Parametric.lean:401:0: `expandCat2_length_le` does not use the following hypotheses in its type:\n  • [Fintype C] (#5)\n  • [Fintype A] (#6)\n\nConsider replacing these hypotheses with the corresponding instances of `Finite` and using `Fintype.ofFinite` in the proof, or removing them entirely.\n\nNote: This linter can be disabled with `set_option linter.unusedFintypeInType false`",
   "level": "warning"}],
 "inputs":
 [["ArgonFormal.Reasoning.Parametric:deps",
   [["deps",
     [["«argon-formal»/ArgonFormal:extraDep",
       [["@«argon-formal»:extraDep", "00000000000006bb"]]],
      ["imports",
       [["ArgonFormal.Reasoning.Composition transitive imports (legacy)",
         "4831dd25129b2616"],
        ["ArgonFormal.Reasoning.Composition:importAllArts",
         "e60976f2a219aa2e"]]]]],
    ["libs",
     [["import dynlibs", "00000000000006bb"],
      ["package external libraries", "00000000000006bb"],
      ["module dynlibs", "00000000000006bb"],
      ["module plugins", "00000000000006bb"]]]]],
  ["Lean 4.29.0, commit 98dc76e3c0a9b856c9b98726b713fb04fab16740",
   "60bb08ef22408c8a"],
  ["/Users/ivanleon/Code/argon-formal/ArgonFormal/Reasoning/Parametric.lean",
   "45b91cb45b5be814"],
  ["options",
   [["-DmaxSynthPendingDepth=3", "c78e353d34de85d4"],
    ["-Dweak.linter.mathlibStandardSet=true", "8a155799906f2b42"],
    ["-DrelaxedAutoImplicit=false", "74a2b5546b55be80"],
    ["-Dpp.unicode.fun=true", "9b94070140457fab"]]],
  ["isModule: false", "feefd2a0d3a1847e"],
  ["Module.name: ArgonFormal.Reasoning.Parametric", "120188b4577ea218"],
  ["Package.id?: (some argon-formal)", "30020946a381fb23"],
  ["Module.leanArgs: #[]", "00000000000006bb"]],
 "depHash": "bd86e86d8edfd90a"}