{"synthetic": false,
 "schemaVersion": "2025-09-10",
 "outputs":
 {"o": ["fe6e2e160f5bf530.olean"],
  "i": "41686b417cf8c6b9.ilean",
  "c": "ff8e620368e4a0eb.c"},
 "log":
 [{"message":
   ".> LEAN_PATH=/Users/ivanleon/Code/argon-formal/.lake/packages/Cli/.lake/build/lib/lean:/Users/ivanleon/Code/argon-formal/.lake/packages/batteries/.lake/build/lib/lean:/Users/ivanleon/Code/argon-formal/.lake/packages/Qq/.lake/build/lib/lean:/Users/ivanleon/Code/argon-formal/.lake/packages/aesop/.lake/build/lib/lean:/Users/ivanleon/Code/argon-formal/.lake/packages/proofwidgets/.lake/build/lib/lean:/Users/ivanleon/Code/argon-formal/.lake/packages/importGraph/.lake/build/lib/lean:/Users/ivanleon/Code/argon-formal/.lake/packages/LeanSearchClient/.lake/build/lib/lean:/Users/ivanleon/Code/argon-formal/.lake/packages/plausible/.lake/build/lib/lean:/Users/ivanleon/Code/argon-formal/.lake/packages/mathlib/.lake/build/lib/lean:/Users/ivanleon/Code/argon-formal/.lake/build/lib/lean /Users/ivanleon/.elan/toolchains/leanprover--lean4---v4.29.0/bin/lean /Users/ivanleon/Code/argon-formal/ArgonFormal/Reasoning/State.lean -o /Users/ivanleon/Code/argon-formal/.lake/build/lib/lean/ArgonFormal/Reasoning/State.olean -i /Users/ivanleon/Code/argon-formal/.lake/build/lib/lean/ArgonFormal/Reasoning/State.ilean -c /Users/ivanleon/Code/argon-formal/.lake/build/ir/ArgonFormal/Reasoning/State.c --setup /Users/ivanleon/Code/argon-formal/.lake/build/ir/ArgonFormal/Reasoning/State.setup.json --json",
   "level": "trace"},
  {"message":
   "ArgonFormal/Reasoning/State.lean:48:0: automatically included section variable(s) unused in theorem `State.initial_le`:\n  [Fintype C]\n  [Fintype A]\nconsider restructuring your `variable` declarations so that the variables are not in scope or explicitly omit them:\n  omit [Fintype C] [Fintype A] in theorem ...\n\nNote: This linter can be disabled with `set_option linter.unusedSectionVars false`",
   "level": "warning"},
  {"message":
   "ArgonFormal/Reasoning/State.lean:47:0: `initial_le` does not use the following hypotheses in its type:\n  • [Fintype C] (#5)\n  • [Fintype A] (#6)\n\nConsider replacing these hypotheses with the corresponding instances of `Finite` and using `Fintype.ofFinite` in the proof, or removing them entirely.\n\nNote: This linter can be disabled with `set_option linter.unusedFintypeInType false`",
   "level": "warning"},
  {"message":
   "ArgonFormal/Reasoning/State.lean:66:0: automatically included section variable(s) unused in theorem `State.refine_le`:\n  [Fintype C]\n  [Fintype A]\nconsider restructuring your `variable` declarations so that the variables are not in scope or explicitly omit them:\n  omit [Fintype C] [Fintype A] in theorem ...\n\nNote: This linter can be disabled with `set_option linter.unusedSectionVars false`",
   "level": "warning"},
  {"message":
   "ArgonFormal/Reasoning/State.lean:65:0: `refine_le` does not use the following hypotheses in its type:\n  • [Fintype C] (#5)\n  • [Fintype A] (#6)\n\nConsider replacing these hypotheses with the corresponding instances of `Finite` and using `Fintype.ofFinite` in the proof, or removing them entirely.\n\nNote: This linter can be disabled with `set_option linter.unusedFintypeInType false`",
   "level": "warning"}],
 "inputs":
 [["ArgonFormal.Reasoning.State:deps",
   [["deps",
     [["«argon-formal»/ArgonFormal:extraDep",
       [["@«argon-formal»:extraDep", "00000000000006bb"]]],
      ["imports",
       [["Mathlib.Data.Finset.Basic transitive imports (legacy)",
         "d7cbf544961eaad9"],
        ["Mathlib.Data.Finset.Basic:importAllArts", "5471e419b721ddee"],
        ["Mathlib.Data.Finset.Card transitive imports (legacy)",
         "6f8efbeb76548e1a"],
        ["Mathlib.Data.Finset.Card:importAllArts", "ef3872159d16b0f1"],
        ["Mathlib.Data.Fintype.Basic transitive imports (legacy)",
         "2b7b7de601f4cc69"],
        ["Mathlib.Data.Fintype.Basic:importAllArts", "38327955b84bd5d7"],
        ["Mathlib.Data.Fintype.Prod transitive imports (legacy)",
         "ac59914f63eb581b"],
        ["Mathlib.Data.Fintype.Prod:importAllArts", "4ce3ea4d4cee85d3"],
        ["ArgonFormal.Foundation.MetaValue transitive imports (legacy)",
         "9f41943b74af687b"],
        ["ArgonFormal.Foundation.MetaValue:importAllArts",
         "9dd661200ada2eb7"]]]]],
    ["libs",
     [["import dynlibs", "00000000000006bb"],
      ["package external libraries", "00000000000006bb"],
      ["module dynlibs", "00000000000006bb"],
      ["module plugins", "00000000000006bb"]]]]],
  ["Lean 4.29.0, commit 98dc76e3c0a9b856c9b98726b713fb04fab16740",
   "60bb08ef22408c8a"],
  ["/Users/ivanleon/Code/argon-formal/ArgonFormal/Reasoning/State.lean",
   "27eca6ccf8073b25"],
  ["options",
   [["-DmaxSynthPendingDepth=3", "c78e353d34de85d4"],
    ["-Dweak.linter.mathlibStandardSet=true", "8a155799906f2b42"],
    ["-DrelaxedAutoImplicit=false", "74a2b5546b55be80"],
    ["-Dpp.unicode.fun=true", "9b94070140457fab"]]],
  ["isModule: false", "feefd2a0d3a1847e"],
  ["Module.name: ArgonFormal.Reasoning.State", "f98f0eec76f24832"],
  ["Package.id?: (some argon-formal)", "30020946a381fb23"],
  ["Module.leanArgs: #[]", "00000000000006bb"]],
 "depHash": "446dd909cdb449e5"}