{"synthetic": false,
 "schemaVersion": "2025-09-10",
 "outputs":
 {"o": ["e7ac9189c958f954.olean"],
  "i": "dd6a47dd85df683f.ilean",
  "c": "1da45b30add72f76.c"},
 "log":
 [{"message":
   ".> LEAN_PATH=/Users/ivanleon/Code/argon-formal/.lake/packages/Cli/.lake/build/lib/lean:/Users/ivanleon/Code/argon-formal/.lake/packages/batteries/.lake/build/lib/lean:/Users/ivanleon/Code/argon-formal/.lake/packages/Qq/.lake/build/lib/lean:/Users/ivanleon/Code/argon-formal/.lake/packages/aesop/.lake/build/lib/lean:/Users/ivanleon/Code/argon-formal/.lake/packages/proofwidgets/.lake/build/lib/lean:/Users/ivanleon/Code/argon-formal/.lake/packages/importGraph/.lake/build/lib/lean:/Users/ivanleon/Code/argon-formal/.lake/packages/LeanSearchClient/.lake/build/lib/lean:/Users/ivanleon/Code/argon-formal/.lake/packages/plausible/.lake/build/lib/lean:/Users/ivanleon/Code/argon-formal/.lake/packages/mathlib/.lake/build/lib/lean:/Users/ivanleon/Code/argon-formal/.lake/build/lib/lean /Users/ivanleon/.elan/toolchains/leanprover--lean4---v4.29.0/bin/lean /Users/ivanleon/Code/argon-formal/ArgonFormal/Decidability/CrossDomain/Decidability.lean -o /Users/ivanleon/Code/argon-formal/.lake/build/lib/lean/ArgonFormal/Decidability/CrossDomain/Decidability.olean -i /Users/ivanleon/Code/argon-formal/.lake/build/lib/lean/ArgonFormal/Decidability/CrossDomain/Decidability.ilean -c /Users/ivanleon/Code/argon-formal/.lake/build/ir/ArgonFormal/Decidability/CrossDomain/Decidability.c --setup /Users/ivanleon/Code/argon-formal/.lake/build/ir/ArgonFormal/Decidability/CrossDomain/Decidability.setup.json --json",
   "level": "trace"}],
 "inputs":
 [["ArgonFormal.Decidability.CrossDomain.Decidability:deps",
   [["deps",
     [["«argon-formal»/ArgonFormal:extraDep",
       [["@«argon-formal»:extraDep", "00000000000006bb"]]],
      ["imports",
       [["ArgonFormal.Decidability.CrossDomain.Staging transitive imports (legacy)",
         "28ff6585c602189c"],
        ["ArgonFormal.Decidability.CrossDomain.Staging:importAllArts",
         "b0c499fc9075c951"],
        ["ArgonFormal.Decidability.Domain2.Decidability transitive imports (legacy)",
         "6f177a5ef223114d"],
        ["ArgonFormal.Decidability.Domain2.Decidability:importAllArts",
         "607eecf1be1eaf25"]]]]],
    ["libs",
     [["import dynlibs", "00000000000006bb"],
      ["package external libraries", "00000000000006bb"],
      ["module dynlibs", "00000000000006bb"],
      ["module plugins", "00000000000006bb"]]]]],
  ["Lean 4.29.0, commit 98dc76e3c0a9b856c9b98726b713fb04fab16740",
   "60bb08ef22408c8a"],
  ["/Users/ivanleon/Code/argon-formal/ArgonFormal/Decidability/CrossDomain/Decidability.lean",
   "a644ed7069e7e9de"],
  ["options",
   [["-DmaxSynthPendingDepth=3", "c78e353d34de85d4"],
    ["-Dweak.linter.mathlibStandardSet=true", "8a155799906f2b42"],
    ["-DrelaxedAutoImplicit=false", "74a2b5546b55be80"],
    ["-Dpp.unicode.fun=true", "9b94070140457fab"]]],
  ["isModule: false", "feefd2a0d3a1847e"],
  ["Module.name: ArgonFormal.Decidability.CrossDomain.Decidability",
   "5c8468a457fb4878"],
  ["Package.id?: (some argon-formal)", "30020946a381fb23"],
  ["Module.leanArgs: #[]", "00000000000006bb"]],
 "depHash": "428221500994881c"}