{"synthetic": false,
 "schemaVersion": "2025-09-10",
 "outputs":
 {"o": ["dac24983230992d6.olean"],
  "i": "4a97a566f03acc66.ilean",
  "c": "e9b65cd768040e07.c"},
 "log":
 [{"message":
   ".> LEAN_PATH=/Users/ivanleon/Code/argon-formal/.lake/packages/Cli/.lake/build/lib/lean:/Users/ivanleon/Code/argon-formal/.lake/packages/batteries/.lake/build/lib/lean:/Users/ivanleon/Code/argon-formal/.lake/packages/Qq/.lake/build/lib/lean:/Users/ivanleon/Code/argon-formal/.lake/packages/aesop/.lake/build/lib/lean:/Users/ivanleon/Code/argon-formal/.lake/packages/proofwidgets/.lake/build/lib/lean:/Users/ivanleon/Code/argon-formal/.lake/packages/importGraph/.lake/build/lib/lean:/Users/ivanleon/Code/argon-formal/.lake/packages/LeanSearchClient/.lake/build/lib/lean:/Users/ivanleon/Code/argon-formal/.lake/packages/plausible/.lake/build/lib/lean:/Users/ivanleon/Code/argon-formal/.lake/packages/mathlib/.lake/build/lib/lean:/Users/ivanleon/Code/argon-formal/.lake/build/lib/lean /Users/ivanleon/.elan/toolchains/leanprover--lean4---v4.29.0/bin/lean /Users/ivanleon/Code/argon-formal/ArgonFormal/Decidability/Domain1/TC.lean -o /Users/ivanleon/Code/argon-formal/.lake/build/lib/lean/ArgonFormal/Decidability/Domain1/TC.olean -i /Users/ivanleon/Code/argon-formal/.lake/build/lib/lean/ArgonFormal/Decidability/Domain1/TC.ilean -c /Users/ivanleon/Code/argon-formal/.lake/build/ir/ArgonFormal/Decidability/Domain1/TC.c --setup /Users/ivanleon/Code/argon-formal/.lake/build/ir/ArgonFormal/Decidability/Domain1/TC.setup.json --json",
   "level": "trace"}],
 "inputs":
 [["ArgonFormal.Decidability.Domain1.TC:deps",
   [["deps",
     [["«argon-formal»/ArgonFormal:extraDep",
       [["@«argon-formal»:extraDep", "00000000000006bb"]]],
      ["imports",
       [["Mathlib.Logic.Relation transitive imports (legacy)",
         "2f79f096c88cad47"],
        ["Mathlib.Logic.Relation:importAllArts", "22c10dec34d83928"],
        ["Mathlib.Data.Fintype.Basic transitive imports (legacy)",
         "2b7b7de601f4cc69"],
        ["Mathlib.Data.Fintype.Basic:importAllArts", "38327955b84bd5d7"],
        ["Mathlib.Data.Fintype.Card transitive imports (legacy)",
         "81f20e75b4f5dd1a"],
        ["Mathlib.Data.Fintype.Card:importAllArts", "80245ae9a7e8efaa"],
        ["Mathlib.Data.Finset.Basic transitive imports (legacy)",
         "d7cbf544961eaad9"],
        ["Mathlib.Data.Finset.Basic:importAllArts", "5471e419b721ddee"],
        ["Mathlib.Data.Finset.Card transitive imports (legacy)",
         "6f8efbeb76548e1a"],
        ["Mathlib.Data.Finset.Card:importAllArts", "ef3872159d16b0f1"],
        ["Mathlib.Data.Finset.Union transitive imports (legacy)",
         "72c90d879d6b704e"],
        ["Mathlib.Data.Finset.Union:importAllArts", "6edf87ffa99c2d7b"]]]]],
    ["libs",
     [["import dynlibs", "00000000000006bb"],
      ["package external libraries", "00000000000006bb"],
      ["module dynlibs", "00000000000006bb"],
      ["module plugins", "00000000000006bb"]]]]],
  ["Lean 4.29.0, commit 98dc76e3c0a9b856c9b98726b713fb04fab16740",
   "60bb08ef22408c8a"],
  ["/Users/ivanleon/Code/argon-formal/ArgonFormal/Decidability/Domain1/TC.lean",
   "f248c2ca22918bce"],
  ["options",
   [["-DmaxSynthPendingDepth=3", "c78e353d34de85d4"],
    ["-Dweak.linter.mathlibStandardSet=true", "8a155799906f2b42"],
    ["-DrelaxedAutoImplicit=false", "74a2b5546b55be80"],
    ["-Dpp.unicode.fun=true", "9b94070140457fab"]]],
  ["isModule: false", "feefd2a0d3a1847e"],
  ["Module.name: ArgonFormal.Decidability.Domain1.TC", "39f6a62c189c75c1"],
  ["Package.id?: (some argon-formal)", "30020946a381fb23"],
  ["Module.leanArgs: #[]", "00000000000006bb"]],
 "depHash": "894d66e699bcc2d0"}